mode: set
github.com/ukma-cs-ssdm-2025/team-circus/internal/handler/reg/handlers.go:8.68,15.2 1 1
github.com/ukma-cs-ssdm-2025/team-circus/internal/handler/reg/register.go:30.76,31.30 1 1
github.com/ukma-cs-ssdm-2025/team-circus/internal/handler/reg/register.go:31.30,33.48 2 1
github.com/ukma-cs-ssdm-2025/team-circus/internal/handler/reg/register.go:33.48,38.4 4 1
github.com/ukma-cs-ssdm-2025/team-circus/internal/handler/reg/register.go:40.3,40.40 1 1
github.com/ukma-cs-ssdm-2025/team-circus/internal/handler/reg/register.go:40.40,45.4 4 1
github.com/ukma-cs-ssdm-2025/team-circus/internal/handler/reg/register.go:47.3,48.41 2 1
github.com/ukma-cs-ssdm-2025/team-circus/internal/handler/reg/register.go:48.41,56.4 3 1
github.com/ukma-cs-ssdm-2025/team-circus/internal/handler/reg/register.go:57.3,57.17 1 1
github.com/ukma-cs-ssdm-2025/team-circus/internal/handler/reg/register.go:57.17,65.4 3 1
github.com/ukma-cs-ssdm-2025/team-circus/internal/handler/reg/register.go:67.3,69.39 2 1
github.com/ukma-cs-ssdm-2025/team-circus/internal/handler/group/create.go:30.92,31.30 1 1
github.com/ukma-cs-ssdm-2025/team-circus/internal/handler/group/create.go:31.30,33.48 2 1
github.com/ukma-cs-ssdm-2025/team-circus/internal/handler/group/create.go:33.48,38.4 4 1
github.com/ukma-cs-ssdm-2025/team-circus/internal/handler/group/create.go:40.3,40.40 1 1
github.com/ukma-cs-ssdm-2025/team-circus/internal/handler/group/create.go:40.40,45.4 4 1
github.com/ukma-cs-ssdm-2025/team-circus/internal/handler/group/create.go:47.3,48.41 2 1
github.com/ukma-cs-ssdm-2025/team-circus/internal/handler/group/create.go:48.41,52.4 3 1
github.com/ukma-cs-ssdm-2025/team-circus/internal/handler/group/create.go:53.3,53.17 1 1
github.com/ukma-cs-ssdm-2025/team-circus/internal/handler/group/create.go:53.17,57.4 3 1
github.com/ukma-cs-ssdm-2025/team-circus/internal/handler/group/create.go:59.3,61.39 2 1
github.com/ukma-cs-ssdm-2025/team-circus/internal/handler/group/delete.go:32.92,33.30 1 1
github.com/ukma-cs-ssdm-2025/team-circus/internal/handler/group/delete.go:33.30,36.17 3 1
github.com/ukma-cs-ssdm-2025/team-circus/internal/handler/group/delete.go:36.17,41.4 4 1
github.com/ukma-cs-ssdm-2025/team-circus/internal/handler/group/delete.go:43.3,44.46 2 1
github.com/ukma-cs-ssdm-2025/team-circus/internal/handler/group/delete.go:44.46,48.4 3 1
github.com/ukma-cs-ssdm-2025/team-circus/internal/handler/group/delete.go:49.3,49.41 1 1
github.com/ukma-cs-ssdm-2025/team-circus/internal/handler/group/delete.go:49.41,53.4 3 1
github.com/ukma-cs-ssdm-2025/team-circus/internal/handler/group/delete.go:54.3,54.17 1 1
github.com/ukma-cs-ssdm-2025/team-circus/internal/handler/group/delete.go:54.17,58.4 3 1
github.com/ukma-cs-ssdm-2025/team-circus/internal/handler/group/delete.go:60.3,64.34 2 1
github.com/ukma-cs-ssdm-2025/team-circus/internal/handler/group/handlers.go:8.82,14.2 1 1
github.com/ukma-cs-ssdm-2025/team-circus/internal/handler/group/handlers.go:16.76,22.2 1 1
github.com/ukma-cs-ssdm-2025/team-circus/internal/handler/group/handlers.go:24.82,30.2 1 1
github.com/ukma-cs-ssdm-2025/team-circus/internal/handler/group/handlers.go:32.85,34.31 2 1
github.com/ukma-cs-ssdm-2025/team-circus/internal/handler/group/handlers.go:34.31,36.3 1 1
github.com/ukma-cs-ssdm-2025/team-circus/internal/handler/group/handlers.go:37.2,37.15 1 1
github.com/ukma-cs-ssdm-2025/team-circus/internal/handler/group/read.go:38.86,39.30 1 1
github.com/ukma-cs-ssdm-2025/team-circus/internal/handler/group/read.go:39.30,41.14 2 1
github.com/ukma-cs-ssdm-2025/team-circus/internal/handler/group/read.go:41.14,44.4 2 1
github.com/ukma-cs-ssdm-2025/team-circus/internal/handler/group/read.go:45.3,46.10 2 1
github.com/ukma-cs-ssdm-2025/team-circus/internal/handler/group/read.go:46.10,49.4 2 1
github.com/ukma-cs-ssdm-2025/team-circus/internal/handler/group/read.go:51.3,53.17 3 1
github.com/ukma-cs-ssdm-2025/team-circus/internal/handler/group/read.go:53.17,58.4 4 1
github.com/ukma-cs-ssdm-2025/team-circus/internal/handler/group/read.go:60.3,61.46 2 1
github.com/ukma-cs-ssdm-2025/team-circus/internal/handler/group/read.go:61.46,65.4 3 1
github.com/ukma-cs-ssdm-2025/team-circus/internal/handler/group/read.go:66.3,66.42 1 1
github.com/ukma-cs-ssdm-2025/team-circus/internal/handler/group/read.go:66.42,69.4 2 1
github.com/ukma-cs-ssdm-2025/team-circus/internal/handler/group/read.go:70.3,70.41 1 1
github.com/ukma-cs-ssdm-2025/team-circus/internal/handler/group/read.go:70.41,73.4 2 1
github.com/ukma-cs-ssdm-2025/team-circus/internal/handler/group/read.go:74.3,74.17 1 1
github.com/ukma-cs-ssdm-2025/team-circus/internal/handler/group/read.go:74.17,78.4 3 1
github.com/ukma-cs-ssdm-2025/team-circus/internal/handler/group/read.go:80.3,82.34 2 1
github.com/ukma-cs-ssdm-2025/team-circus/internal/handler/group/read.go:96.94,97.30 1 1
github.com/ukma-cs-ssdm-2025/team-circus/internal/handler/group/read.go:97.30,99.14 2 1
github.com/ukma-cs-ssdm-2025/team-circus/internal/handler/group/read.go:99.14,102.4 2 1
github.com/ukma-cs-ssdm-2025/team-circus/internal/handler/group/read.go:104.3,105.10 2 1
github.com/ukma-cs-ssdm-2025/team-circus/internal/handler/group/read.go:105.10,108.4 2 1
github.com/ukma-cs-ssdm-2025/team-circus/internal/handler/group/read.go:110.3,111.41 2 1
github.com/ukma-cs-ssdm-2025/team-circus/internal/handler/group/read.go:111.41,115.4 3 1
github.com/ukma-cs-ssdm-2025/team-circus/internal/handler/group/read.go:116.3,116.17 1 1
github.com/ukma-cs-ssdm-2025/team-circus/internal/handler/group/read.go:116.17,120.4 3 1
github.com/ukma-cs-ssdm-2025/team-circus/internal/handler/group/read.go:122.3,126.34 2 1
github.com/ukma-cs-ssdm-2025/team-circus/internal/handler/group/update.go:33.92,34.30 1 1
github.com/ukma-cs-ssdm-2025/team-circus/internal/handler/group/update.go:34.30,37.17 3 1
github.com/ukma-cs-ssdm-2025/team-circus/internal/handler/group/update.go:37.17,42.4 4 1
github.com/ukma-cs-ssdm-2025/team-circus/internal/handler/group/update.go:44.3,45.48 2 1
github.com/ukma-cs-ssdm-2025/team-circus/internal/handler/group/update.go:45.48,50.4 4 1
github.com/ukma-cs-ssdm-2025/team-circus/internal/handler/group/update.go:52.3,52.40 1 1
github.com/ukma-cs-ssdm-2025/team-circus/internal/handler/group/update.go:52.40,57.4 4 1
github.com/ukma-cs-ssdm-2025/team-circus/internal/handler/group/update.go:59.3,60.46 2 1
github.com/ukma-cs-ssdm-2025/team-circus/internal/handler/group/update.go:60.46,64.4 3 1
github.com/ukma-cs-ssdm-2025/team-circus/internal/handler/group/update.go:65.3,65.41 1 1
github.com/ukma-cs-ssdm-2025/team-circus/internal/handler/group/update.go:65.41,69.4 3 1
github.com/ukma-cs-ssdm-2025/team-circus/internal/handler/group/update.go:70.3,70.17 1 1
github.com/ukma-cs-ssdm-2025/team-circus/internal/handler/group/update.go:70.17,74.4 3 1
github.com/ukma-cs-ssdm-2025/team-circus/internal/handler/group/update.go:76.3,78.34 2 1
github.com/ukma-cs-ssdm-2025/team-circus/internal/handler/document/create.go:31.98,32.30 1 1
github.com/ukma-cs-ssdm-2025/team-circus/internal/handler/document/create.go:32.30,34.48 2 1
github.com/ukma-cs-ssdm-2025/team-circus/internal/handler/document/create.go:34.48,39.4 4 1
github.com/ukma-cs-ssdm-2025/team-circus/internal/handler/document/create.go:41.3,41.40 1 1
github.com/ukma-cs-ssdm-2025/team-circus/internal/handler/document/create.go:41.40,46.4 4 1
github.com/ukma-cs-ssdm-2025/team-circus/internal/handler/document/create.go:48.3,49.41 2 1
github.com/ukma-cs-ssdm-2025/team-circus/internal/handler/document/create.go:49.41,57.4 3 1
github.com/ukma-cs-ssdm-2025/team-circus/internal/handler/document/create.go:58.3,58.17 1 1
github.com/ukma-cs-ssdm-2025/team-circus/internal/handler/document/create.go:58.17,66.4 3 1
github.com/ukma-cs-ssdm-2025/team-circus/internal/handler/document/create.go:68.3,70.39 2 1
github.com/ukma-cs-ssdm-2025/team-circus/internal/handler/document/delete.go:32.98,33.30 1 1
github.com/ukma-cs-ssdm-2025/team-circus/internal/handler/document/delete.go:33.30,36.17 3 1
github.com/ukma-cs-ssdm-2025/team-circus/internal/handler/document/delete.go:36.17,41.4 4 1
github.com/ukma-cs-ssdm-2025/team-circus/internal/handler/document/delete.go:43.3,44.49 2 1
github.com/ukma-cs-ssdm-2025/team-circus/internal/handler/document/delete.go:44.49,48.4 3 1
github.com/ukma-cs-ssdm-2025/team-circus/internal/handler/document/delete.go:49.3,49.41 1 1
github.com/ukma-cs-ssdm-2025/team-circus/internal/handler/document/delete.go:49.41,53.4 3 1
github.com/ukma-cs-ssdm-2025/team-circus/internal/handler/document/delete.go:54.3,54.17 1 1
github.com/ukma-cs-ssdm-2025/team-circus/internal/handler/document/delete.go:54.17,58.4 3 1
github.com/ukma-cs-ssdm-2025/team-circus/internal/handler/document/delete.go:60.3,64.34 2 1
github.com/ukma-cs-ssdm-2025/team-circus/internal/handler/document/handlers.go:8.94,16.2 1 1
github.com/ukma-cs-ssdm-2025/team-circus/internal/handler/document/handlers.go:18.88,26.2 1 1
github.com/ukma-cs-ssdm-2025/team-circus/internal/handler/document/handlers.go:28.94,36.2 1 1
github.com/ukma-cs-ssdm-2025/team-circus/internal/handler/document/handlers.go:38.97,40.37 2 1
github.com/ukma-cs-ssdm-2025/team-circus/internal/handler/document/handlers.go:40.37,42.3 1 1
github.com/ukma-cs-ssdm-2025/team-circus/internal/handler/document/handlers.go:43.2,43.15 1 1
github.com/ukma-cs-ssdm-2025/team-circus/internal/handler/document/read.go:38.92,39.30 1 1
github.com/ukma-cs-ssdm-2025/team-circus/internal/handler/document/read.go:39.30,41.14 2 1
github.com/ukma-cs-ssdm-2025/team-circus/internal/handler/document/read.go:41.14,44.4 2 1
github.com/ukma-cs-ssdm-2025/team-circus/internal/handler/document/read.go:46.3,47.10 2 1
github.com/ukma-cs-ssdm-2025/team-circus/internal/handler/document/read.go:47.10,50.4 2 0
github.com/ukma-cs-ssdm-2025/team-circus/internal/handler/document/read.go:52.3,54.17 3 1
github.com/ukma-cs-ssdm-2025/team-circus/internal/handler/document/read.go:54.17,59.4 4 1
github.com/ukma-cs-ssdm-2025/team-circus/internal/handler/document/read.go:61.3,62.49 2 1
github.com/ukma-cs-ssdm-2025/team-circus/internal/handler/document/read.go:62.49,66.4 3 1
github.com/ukma-cs-ssdm-2025/team-circus/internal/handler/document/read.go:67.3,67.42 1 1
github.com/ukma-cs-ssdm-2025/team-circus/internal/handler/document/read.go:67.42,70.4 2 1
github.com/ukma-cs-ssdm-2025/team-circus/internal/handler/document/read.go:71.3,71.41 1 1
github.com/ukma-cs-ssdm-2025/team-circus/internal/handler/document/read.go:71.41,75.4 3 1
github.com/ukma-cs-ssdm-2025/team-circus/internal/handler/document/read.go:76.3,76.17 1 1
github.com/ukma-cs-ssdm-2025/team-circus/internal/handler/document/read.go:76.17,80.4 3 1
github.com/ukma-cs-ssdm-2025/team-circus/internal/handler/document/read.go:82.3,84.34 2 1
github.com/ukma-cs-ssdm-2025/team-circus/internal/handler/document/read.go:98.100,99.30 1 1
github.com/ukma-cs-ssdm-2025/team-circus/internal/handler/document/read.go:99.30,101.14 2 1
github.com/ukma-cs-ssdm-2025/team-circus/internal/handler/document/read.go:101.14,104.4 2 1
github.com/ukma-cs-ssdm-2025/team-circus/internal/handler/document/read.go:106.3,107.10 2 1
github.com/ukma-cs-ssdm-2025/team-circus/internal/handler/document/read.go:107.10,110.4 2 0
github.com/ukma-cs-ssdm-2025/team-circus/internal/handler/document/read.go:112.3,113.41 2 1
github.com/ukma-cs-ssdm-2025/team-circus/internal/handler/document/read.go:113.41,117.4 3 1
github.com/ukma-cs-ssdm-2025/team-circus/internal/handler/document/read.go:118.3,118.17 1 1
github.com/ukma-cs-ssdm-2025/team-circus/internal/handler/document/read.go:118.17,122.4 3 1
github.com/ukma-cs-ssdm-2025/team-circus/internal/handler/document/read.go:124.3,128.34 2 1
github.com/ukma-cs-ssdm-2025/team-circus/internal/handler/document/update.go:33.98,34.30 1 1
github.com/ukma-cs-ssdm-2025/team-circus/internal/handler/document/update.go:34.30,37.17 3 1
github.com/ukma-cs-ssdm-2025/team-circus/internal/handler/document/update.go:37.17,42.4 4 1
github.com/ukma-cs-ssdm-2025/team-circus/internal/handler/document/update.go:44.3,45.48 2 1
github.com/ukma-cs-ssdm-2025/team-circus/internal/handler/document/update.go:45.48,50.4 4 1
github.com/ukma-cs-ssdm-2025/team-circus/internal/handler/document/update.go:52.3,52.40 1 1
github.com/ukma-cs-ssdm-2025/team-circus/internal/handler/document/update.go:52.40,57.4 4 1
github.com/ukma-cs-ssdm-2025/team-circus/internal/handler/document/update.go:59.3,60.49 2 1
github.com/ukma-cs-ssdm-2025/team-circus/internal/handler/document/update.go:60.49,64.4 3 1
github.com/ukma-cs-ssdm-2025/team-circus/internal/handler/document/update.go:65.3,65.41 1 1
github.com/ukma-cs-ssdm-2025/team-circus/internal/handler/document/update.go:65.41,72.4 3 1
github.com/ukma-cs-ssdm-2025/team-circus/internal/handler/document/update.go:73.3,73.17 1 1
github.com/ukma-cs-ssdm-2025/team-circus/internal/handler/document/update.go:73.17,80.4 3 1
github.com/ukma-cs-ssdm-2025/team-circus/internal/handler/document/update.go:82.3,84.34 2 1
github.com/ukma-cs-ssdm-2025/team-circus/internal/handler/user/delete.go:32.90,33.30 1 1
github.com/ukma-cs-ssdm-2025/team-circus/internal/handler/user/delete.go:33.30,36.17 3 1
github.com/ukma-cs-ssdm-2025/team-circus/internal/handler/user/delete.go:36.17,41.4 4 1
github.com/ukma-cs-ssdm-2025/team-circus/internal/handler/user/delete.go:43.3,44.45 2 1
github.com/ukma-cs-ssdm-2025/team-circus/internal/handler/user/delete.go:44.45,48.4 3 1
github.com/ukma-cs-ssdm-2025/team-circus/internal/handler/user/delete.go:49.3,49.41 1 1
github.com/ukma-cs-ssdm-2025/team-circus/internal/handler/user/delete.go:49.41,53.4 3 1
github.com/ukma-cs-ssdm-2025/team-circus/internal/handler/user/delete.go:54.3,54.17 1 1
github.com/ukma-cs-ssdm-2025/team-circus/internal/handler/user/delete.go:54.17,58.4 3 1
github.com/ukma-cs-ssdm-2025/team-circus/internal/handler/user/delete.go:60.3,64.34 2 1
github.com/ukma-cs-ssdm-2025/team-circus/internal/handler/user/handlers.go:8.72,15.2 1 1
github.com/ukma-cs-ssdm-2025/team-circus/internal/handler/user/handlers.go:17.78,24.2 1 1
github.com/ukma-cs-ssdm-2025/team-circus/internal/handler/user/handlers.go:26.81,28.29 2 1
github.com/ukma-cs-ssdm-2025/team-circus/internal/handler/user/handlers.go:28.29,30.3 1 1
github.com/ukma-cs-ssdm-2025/team-circus/internal/handler/user/handlers.go:31.2,31.15 1 1
github.com/ukma-cs-ssdm-2025/team-circus/internal/handler/user/read.go:36.84,37.30 1 1
github.com/ukma-cs-ssdm-2025/team-circus/internal/handler/user/read.go:37.30,40.17 3 1
github.com/ukma-cs-ssdm-2025/team-circus/internal/handler/user/read.go:40.17,45.4 4 1
github.com/ukma-cs-ssdm-2025/team-circus/internal/handler/user/read.go:47.3,48.45 2 1
github.com/ukma-cs-ssdm-2025/team-circus/internal/handler/user/read.go:48.45,52.4 3 1
github.com/ukma-cs-ssdm-2025/team-circus/internal/handler/user/read.go:53.3,53.41 1 1
github.com/ukma-cs-ssdm-2025/team-circus/internal/handler/user/read.go:53.41,57.4 3 1
github.com/ukma-cs-ssdm-2025/team-circus/internal/handler/user/read.go:58.3,58.17 1 1
github.com/ukma-cs-ssdm-2025/team-circus/internal/handler/user/read.go:58.17,62.4 3 1
github.com/ukma-cs-ssdm-2025/team-circus/internal/handler/user/read.go:64.3,66.34 2 1
github.com/ukma-cs-ssdm-2025/team-circus/internal/handler/user/read.go:79.92,80.30 1 1
github.com/ukma-cs-ssdm-2025/team-circus/internal/handler/user/read.go:80.30,82.41 2 1
github.com/ukma-cs-ssdm-2025/team-circus/internal/handler/user/read.go:82.41,86.4 3 1
github.com/ukma-cs-ssdm-2025/team-circus/internal/handler/user/read.go:87.3,87.17 1 1
github.com/ukma-cs-ssdm-2025/team-circus/internal/handler/user/read.go:87.17,91.4 3 1
github.com/ukma-cs-ssdm-2025/team-circus/internal/handler/user/read.go:93.3,97.34 2 1
github.com/ukma-cs-ssdm-2025/team-circus/internal/handler/user/update.go:33.90,34.30 1 1
github.com/ukma-cs-ssdm-2025/team-circus/internal/handler/user/update.go:34.30,37.17 3 1
github.com/ukma-cs-ssdm-2025/team-circus/internal/handler/user/update.go:37.17,42.4 4 1
github.com/ukma-cs-ssdm-2025/team-circus/internal/handler/user/update.go:44.3,45.48 2 1
github.com/ukma-cs-ssdm-2025/team-circus/internal/handler/user/update.go:45.48,50.4 4 1
github.com/ukma-cs-ssdm-2025/team-circus/internal/handler/user/update.go:52.3,52.40 1 1
github.com/ukma-cs-ssdm-2025/team-circus/internal/handler/user/update.go:52.40,57.4 4 1
github.com/ukma-cs-ssdm-2025/team-circus/internal/handler/user/update.go:59.3,60.45 2 1
github.com/ukma-cs-ssdm-2025/team-circus/internal/handler/user/update.go:60.45,64.4 3 1
github.com/ukma-cs-ssdm-2025/team-circus/internal/handler/user/update.go:65.3,65.41 1 1
github.com/ukma-cs-ssdm-2025/team-circus/internal/handler/user/update.go:65.41,69.4 3 1
github.com/ukma-cs-ssdm-2025/team-circus/internal/handler/user/update.go:70.3,70.17 1 1
github.com/ukma-cs-ssdm-2025/team-circus/internal/handler/user/update.go:70.17,74.4 3 1
github.com/ukma-cs-ssdm-2025/team-circus/internal/handler/user/update.go:76.3,78.34 2 1
github.com/ukma-cs-ssdm-2025/team-circus/internal/handler/auth/login.go:37.83,38.30 1 1
github.com/ukma-cs-ssdm-2025/team-circus/internal/handler/auth/login.go:38.30,40.48 2 1
github.com/ukma-cs-ssdm-2025/team-circus/internal/handler/auth/login.go:40.48,45.4 4 1
github.com/ukma-cs-ssdm-2025/team-circus/internal/handler/auth/login.go:47.3,48.41 2 1
github.com/ukma-cs-ssdm-2025/team-circus/internal/handler/auth/login.go:48.41,52.4 3 1
github.com/ukma-cs-ssdm-2025/team-circus/internal/handler/auth/login.go:53.3,53.17 1 1
github.com/ukma-cs-ssdm-2025/team-circus/internal/handler/auth/login.go:53.17,57.4 3 1
github.com/ukma-cs-ssdm-2025/team-circus/internal/handler/auth/login.go:59.3,59.18 1 1
github.com/ukma-cs-ssdm-2025/team-circus/internal/handler/auth/login.go:59.18,62.4 2 1
github.com/ukma-cs-ssdm-2025/team-circus/internal/handler/auth/login.go:64.3,65.17 2 1
github.com/ukma-cs-ssdm-2025/team-circus/internal/handler/auth/login.go:65.17,68.4 2 1
github.com/ukma-cs-ssdm-2025/team-circus/internal/handler/auth/login.go:70.3,71.24 2 1
github.com/ukma-cs-ssdm-2025/team-circus/internal/handler/auth/login.go:71.24,75.4 3 0
github.com/ukma-cs-ssdm-2025/team-circus/internal/handler/auth/login.go:77.3,84.17 4 1
github.com/ukma-cs-ssdm-2025/team-circus/internal/handler/auth/login.go:84.17,88.4 3 0
github.com/ukma-cs-ssdm-2025/team-circus/internal/handler/auth/login.go:90.3,97.17 4 1
github.com/ukma-cs-ssdm-2025/team-circus/internal/handler/auth/login.go:97.17,101.4 3 0
github.com/ukma-cs-ssdm-2025/team-circus/internal/handler/auth/login.go:103.3,107.33 4 1
github.com/ukma-cs-ssdm-2025/team-circus/internal/handler/auth/login.go:111.31,115.2 1 0
github.com/ukma-cs-ssdm-2025/team-circus/internal/handler/auth/logout.go:16.59,17.30 1 1
github.com/ukma-cs-ssdm-2025/team-circus/internal/handler/auth/logout.go:17.30,23.3 4 1
github.com/ukma-cs-ssdm-2025/team-circus/internal/handler/auth/refresh.go:27.90,28.30 1 1
github.com/ukma-cs-ssdm-2025/team-circus/internal/handler/auth/refresh.go:28.30,38.38 2 1
github.com/ukma-cs-ssdm-2025/team-circus/internal/handler/auth/refresh.go:38.38,41.4 2 1
github.com/ukma-cs-ssdm-2025/team-circus/internal/handler/auth/refresh.go:43.3,44.24 2 1
github.com/ukma-cs-ssdm-2025/team-circus/internal/handler/auth/refresh.go:44.24,48.4 3 1
github.com/ukma-cs-ssdm-2025/team-circus/internal/handler/auth/refresh.go:50.3,50.115 1 1
github.com/ukma-cs-ssdm-2025/team-circus/internal/handler/auth/refresh.go:50.115,51.55 1 1
github.com/ukma-cs-ssdm-2025/team-circus/internal/handler/auth/refresh.go:51.55,53.5 1 0
github.com/ukma-cs-ssdm-2025/team-circus/internal/handler/auth/refresh.go:54.4,54.35 1 1
github.com/ukma-cs-ssdm-2025/team-circus/internal/handler/auth/refresh.go:56.3,56.17 1 1
github.com/ukma-cs-ssdm-2025/team-circus/internal/handler/auth/refresh.go:56.17,60.4 3 1
github.com/ukma-cs-ssdm-2025/team-circus/internal/handler/auth/refresh.go:62.3,63.26 2 1
github.com/ukma-cs-ssdm-2025/team-circus/internal/handler/auth/refresh.go:63.26,67.4 3 0
github.com/ukma-cs-ssdm-2025/team-circus/internal/handler/auth/refresh.go:69.3,69.73 1 1
github.com/ukma-cs-ssdm-2025/team-circus/internal/handler/auth/refresh.go:69.73,73.4 3 0
github.com/ukma-cs-ssdm-2025/team-circus/internal/handler/auth/refresh.go:75.3,76.17 2 1
github.com/ukma-cs-ssdm-2025/team-circus/internal/handler/auth/refresh.go:76.17,80.4 3 0
github.com/ukma-cs-ssdm-2025/team-circus/internal/handler/auth/refresh.go:82.3,83.17 2 1
github.com/ukma-cs-ssdm-2025/team-circus/internal/handler/auth/refresh.go:83.17,84.42 1 0
github.com/ukma-cs-ssdm-2025/team-circus/internal/handler/auth/refresh.go:84.42,88.5 3 0
github.com/ukma-cs-ssdm-2025/team-circus/internal/handler/auth/refresh.go:89.4,91.10 3 0
github.com/ukma-cs-ssdm-2025/team-circus/internal/handler/auth/refresh.go:94.3,94.18 1 1
github.com/ukma-cs-ssdm-2025/team-circus/internal/handler/auth/refresh.go:94.18,97.4 2 0
github.com/ukma-cs-ssdm-2025/team-circus/internal/handler/auth/refresh.go:99.3,106.17 4 1
github.com/ukma-cs-ssdm-2025/team-circus/internal/handler/auth/refresh.go:106.17,110.4 3 0
github.com/ukma-cs-ssdm-2025/team-circus/internal/handler/auth/refresh.go:112.3,118.17 3 1
github.com/ukma-cs-ssdm-2025/team-circus/internal/handler/auth/refresh.go:118.17,122.4 3 0
github.com/ukma-cs-ssdm-2025/team-circus/internal/handler/auth/refresh.go:124.3,128.33 4 1
