mode: atomic
github.com/ukma-cs-ssdm-2025/team-circus/internal/handler/auth/login.go:36.130,37.30 1 6
github.com/ukma-cs-ssdm-2025/team-circus/internal/handler/auth/login.go:37.30,39.48 2 6
github.com/ukma-cs-ssdm-2025/team-circus/internal/handler/auth/login.go:39.48,44.4 4 1
github.com/ukma-cs-ssdm-2025/team-circus/internal/handler/auth/login.go:45.3,45.40 1 5
github.com/ukma-cs-ssdm-2025/team-circus/internal/handler/auth/login.go:45.40,50.4 4 0
github.com/ukma-cs-ssdm-2025/team-circus/internal/handler/auth/login.go:52.3,53.41 2 5
github.com/ukma-cs-ssdm-2025/team-circus/internal/handler/auth/login.go:53.41,57.4 3 1
github.com/ukma-cs-ssdm-2025/team-circus/internal/handler/auth/login.go:58.3,58.17 1 4
github.com/ukma-cs-ssdm-2025/team-circus/internal/handler/auth/login.go:58.17,62.4 3 1
github.com/ukma-cs-ssdm-2025/team-circus/internal/handler/auth/login.go:64.3,64.18 1 3
github.com/ukma-cs-ssdm-2025/team-circus/internal/handler/auth/login.go:64.18,67.4 2 1
github.com/ukma-cs-ssdm-2025/team-circus/internal/handler/auth/login.go:69.3,70.17 2 2
github.com/ukma-cs-ssdm-2025/team-circus/internal/handler/auth/login.go:70.17,73.4 2 1
github.com/ukma-cs-ssdm-2025/team-circus/internal/handler/auth/login.go:75.3,75.24 1 1
github.com/ukma-cs-ssdm-2025/team-circus/internal/handler/auth/login.go:75.24,79.4 3 0
github.com/ukma-cs-ssdm-2025/team-circus/internal/handler/auth/login.go:81.3,88.17 4 1
github.com/ukma-cs-ssdm-2025/team-circus/internal/handler/auth/login.go:88.17,92.4 3 0
github.com/ukma-cs-ssdm-2025/team-circus/internal/handler/auth/login.go:94.3,101.17 4 1
github.com/ukma-cs-ssdm-2025/team-circus/internal/handler/auth/login.go:101.17,105.4 3 0
github.com/ukma-cs-ssdm-2025/team-circus/internal/handler/auth/login.go:107.3,111.33 4 1
github.com/ukma-cs-ssdm-2025/team-circus/internal/handler/auth/login.go:115.31,119.2 1 0
github.com/ukma-cs-ssdm-2025/team-circus/internal/handler/auth/logout.go:16.59,17.30 1 1
github.com/ukma-cs-ssdm-2025/team-circus/internal/handler/auth/logout.go:17.30,23.3 4 1
github.com/ukma-cs-ssdm-2025/team-circus/internal/handler/auth/refresh.go:26.125,27.30 1 5
github.com/ukma-cs-ssdm-2025/team-circus/internal/handler/auth/refresh.go:27.30,37.38 2 5
github.com/ukma-cs-ssdm-2025/team-circus/internal/handler/auth/refresh.go:37.38,40.4 2 1
github.com/ukma-cs-ssdm-2025/team-circus/internal/handler/auth/refresh.go:42.3,42.24 1 4
github.com/ukma-cs-ssdm-2025/team-circus/internal/handler/auth/refresh.go:42.24,46.4 3 1
github.com/ukma-cs-ssdm-2025/team-circus/internal/handler/auth/refresh.go:48.3,48.115 1 3
github.com/ukma-cs-ssdm-2025/team-circus/internal/handler/auth/refresh.go:48.115,49.55 1 2
github.com/ukma-cs-ssdm-2025/team-circus/internal/handler/auth/refresh.go:49.55,51.5 1 0
github.com/ukma-cs-ssdm-2025/team-circus/internal/handler/auth/refresh.go:52.4,52.35 1 2
github.com/ukma-cs-ssdm-2025/team-circus/internal/handler/auth/refresh.go:54.3,54.17 1 3
github.com/ukma-cs-ssdm-2025/team-circus/internal/handler/auth/refresh.go:54.17,58.4 3 2
github.com/ukma-cs-ssdm-2025/team-circus/internal/handler/auth/refresh.go:60.3,61.26 2 1
github.com/ukma-cs-ssdm-2025/team-circus/internal/handler/auth/refresh.go:61.26,65.4 3 0
github.com/ukma-cs-ssdm-2025/team-circus/internal/handler/auth/refresh.go:67.3,67.73 1 1
github.com/ukma-cs-ssdm-2025/team-circus/internal/handler/auth/refresh.go:67.73,71.4 3 0
github.com/ukma-cs-ssdm-2025/team-circus/internal/handler/auth/refresh.go:73.3,74.17 2 1
github.com/ukma-cs-ssdm-2025/team-circus/internal/handler/auth/refresh.go:74.17,78.4 3 0
github.com/ukma-cs-ssdm-2025/team-circus/internal/handler/auth/refresh.go:80.3,81.17 2 1
github.com/ukma-cs-ssdm-2025/team-circus/internal/handler/auth/refresh.go:81.17,82.42 1 0
github.com/ukma-cs-ssdm-2025/team-circus/internal/handler/auth/refresh.go:82.42,86.5 3 0
github.com/ukma-cs-ssdm-2025/team-circus/internal/handler/auth/refresh.go:87.4,89.10 3 0
github.com/ukma-cs-ssdm-2025/team-circus/internal/handler/auth/refresh.go:92.3,92.18 1 1
github.com/ukma-cs-ssdm-2025/team-circus/internal/handler/auth/refresh.go:92.18,95.4 2 0
github.com/ukma-cs-ssdm-2025/team-circus/internal/handler/auth/refresh.go:97.3,104.17 4 1
github.com/ukma-cs-ssdm-2025/team-circus/internal/handler/auth/refresh.go:104.17,108.4 3 0
github.com/ukma-cs-ssdm-2025/team-circus/internal/handler/auth/refresh.go:110.3,116.17 3 1
github.com/ukma-cs-ssdm-2025/team-circus/internal/handler/auth/refresh.go:116.17,120.4 3 0
github.com/ukma-cs-ssdm-2025/team-circus/internal/handler/auth/refresh.go:122.3,126.33 4 1
github.com/ukma-cs-ssdm-2025/team-circus/internal/handler/document/create.go:31.98,32.30 1 6
github.com/ukma-cs-ssdm-2025/team-circus/internal/handler/document/create.go:32.30,34.48 2 6
github.com/ukma-cs-ssdm-2025/team-circus/internal/handler/document/create.go:34.48,39.4 4 2
github.com/ukma-cs-ssdm-2025/team-circus/internal/handler/document/create.go:41.3,41.40 1 4
github.com/ukma-cs-ssdm-2025/team-circus/internal/handler/document/create.go:41.40,46.4 4 1
github.com/ukma-cs-ssdm-2025/team-circus/internal/handler/document/create.go:48.3,49.41 2 3
github.com/ukma-cs-ssdm-2025/team-circus/internal/handler/document/create.go:49.41,57.4 3 1
github.com/ukma-cs-ssdm-2025/team-circus/internal/handler/document/create.go:58.3,58.17 1 2
github.com/ukma-cs-ssdm-2025/team-circus/internal/handler/document/create.go:58.17,66.4 3 1
github.com/ukma-cs-ssdm-2025/team-circus/internal/handler/document/create.go:68.3,70.39 2 1
github.com/ukma-cs-ssdm-2025/team-circus/internal/handler/document/delete.go:32.98,33.30 1 5
github.com/ukma-cs-ssdm-2025/team-circus/internal/handler/document/delete.go:33.30,36.17 3 5
github.com/ukma-cs-ssdm-2025/team-circus/internal/handler/document/delete.go:36.17,41.4 4 1
github.com/ukma-cs-ssdm-2025/team-circus/internal/handler/document/delete.go:43.3,44.49 2 4
github.com/ukma-cs-ssdm-2025/team-circus/internal/handler/document/delete.go:44.49,48.4 3 1
github.com/ukma-cs-ssdm-2025/team-circus/internal/handler/document/delete.go:49.3,49.41 1 3
github.com/ukma-cs-ssdm-2025/team-circus/internal/handler/document/delete.go:49.41,53.4 3 1
github.com/ukma-cs-ssdm-2025/team-circus/internal/handler/document/delete.go:54.3,54.17 1 2
github.com/ukma-cs-ssdm-2025/team-circus/internal/handler/document/delete.go:54.17,58.4 3 1
github.com/ukma-cs-ssdm-2025/team-circus/internal/handler/document/delete.go:60.3,64.34 2 1
github.com/ukma-cs-ssdm-2025/team-circus/internal/handler/document/handlers.go:8.94,16.2 1 1
github.com/ukma-cs-ssdm-2025/team-circus/internal/handler/document/handlers.go:18.88,26.2 1 3
github.com/ukma-cs-ssdm-2025/team-circus/internal/handler/document/handlers.go:28.94,36.2 1 1
github.com/ukma-cs-ssdm-2025/team-circus/internal/handler/document/handlers.go:38.97,40.37 2 2
github.com/ukma-cs-ssdm-2025/team-circus/internal/handler/document/handlers.go:40.37,42.3 1 2
github.com/ukma-cs-ssdm-2025/team-circus/internal/handler/document/handlers.go:43.2,43.15 1 2
github.com/ukma-cs-ssdm-2025/team-circus/internal/handler/document/read.go:38.92,39.30 1 7
github.com/ukma-cs-ssdm-2025/team-circus/internal/handler/document/read.go:39.30,41.14 2 7
github.com/ukma-cs-ssdm-2025/team-circus/internal/handler/document/read.go:41.14,44.4 2 1
github.com/ukma-cs-ssdm-2025/team-circus/internal/handler/document/read.go:46.3,47.10 2 6
github.com/ukma-cs-ssdm-2025/team-circus/internal/handler/document/read.go:47.10,50.4 2 0
github.com/ukma-cs-ssdm-2025/team-circus/internal/handler/document/read.go:52.3,54.17 3 6
github.com/ukma-cs-ssdm-2025/team-circus/internal/handler/document/read.go:54.17,59.4 4 1
github.com/ukma-cs-ssdm-2025/team-circus/internal/handler/document/read.go:61.3,62.49 2 5
github.com/ukma-cs-ssdm-2025/team-circus/internal/handler/document/read.go:62.49,66.4 3 1
github.com/ukma-cs-ssdm-2025/team-circus/internal/handler/document/read.go:67.3,67.42 1 4
github.com/ukma-cs-ssdm-2025/team-circus/internal/handler/document/read.go:67.42,70.4 2 1
github.com/ukma-cs-ssdm-2025/team-circus/internal/handler/document/read.go:71.3,71.41 1 3
github.com/ukma-cs-ssdm-2025/team-circus/internal/handler/document/read.go:71.41,75.4 3 1
github.com/ukma-cs-ssdm-2025/team-circus/internal/handler/document/read.go:76.3,76.17 1 2
github.com/ukma-cs-ssdm-2025/team-circus/internal/handler/document/read.go:76.17,80.4 3 1
github.com/ukma-cs-ssdm-2025/team-circus/internal/handler/document/read.go:82.3,84.34 2 1
github.com/ukma-cs-ssdm-2025/team-circus/internal/handler/document/read.go:98.100,99.30 1 5
github.com/ukma-cs-ssdm-2025/team-circus/internal/handler/document/read.go:99.30,101.14 2 5
github.com/ukma-cs-ssdm-2025/team-circus/internal/handler/document/read.go:101.14,104.4 2 1
github.com/ukma-cs-ssdm-2025/team-circus/internal/handler/document/read.go:106.3,107.10 2 4
github.com/ukma-cs-ssdm-2025/team-circus/internal/handler/document/read.go:107.10,110.4 2 0
github.com/ukma-cs-ssdm-2025/team-circus/internal/handler/document/read.go:112.3,113.41 2 4
github.com/ukma-cs-ssdm-2025/team-circus/internal/handler/document/read.go:113.41,117.4 3 1
github.com/ukma-cs-ssdm-2025/team-circus/internal/handler/document/read.go:118.3,118.17 1 3
github.com/ukma-cs-ssdm-2025/team-circus/internal/handler/document/read.go:118.17,122.4 3 1
github.com/ukma-cs-ssdm-2025/team-circus/internal/handler/document/read.go:124.3,128.34 2 2
github.com/ukma-cs-ssdm-2025/team-circus/internal/handler/document/update.go:33.98,34.30 1 7
github.com/ukma-cs-ssdm-2025/team-circus/internal/handler/document/update.go:34.30,37.17 3 7
github.com/ukma-cs-ssdm-2025/team-circus/internal/handler/document/update.go:37.17,42.4 4 1
github.com/ukma-cs-ssdm-2025/team-circus/internal/handler/document/update.go:44.3,45.48 2 6
github.com/ukma-cs-ssdm-2025/team-circus/internal/handler/document/update.go:45.48,50.4 4 1
github.com/ukma-cs-ssdm-2025/team-circus/internal/handler/document/update.go:52.3,52.40 1 5
github.com/ukma-cs-ssdm-2025/team-circus/internal/handler/document/update.go:52.40,57.4 4 1
github.com/ukma-cs-ssdm-2025/team-circus/internal/handler/document/update.go:59.3,60.49 2 4
github.com/ukma-cs-ssdm-2025/team-circus/internal/handler/document/update.go:60.49,64.4 3 1
github.com/ukma-cs-ssdm-2025/team-circus/internal/handler/document/update.go:65.3,65.41 1 3
github.com/ukma-cs-ssdm-2025/team-circus/internal/handler/document/update.go:65.41,72.4 3 1
github.com/ukma-cs-ssdm-2025/team-circus/internal/handler/document/update.go:73.3,73.17 1 2
github.com/ukma-cs-ssdm-2025/team-circus/internal/handler/document/update.go:73.17,80.4 3 1
github.com/ukma-cs-ssdm-2025/team-circus/internal/handler/document/update.go:82.3,84.34 2 1
github.com/ukma-cs-ssdm-2025/team-circus/internal/handler/group/create.go:31.92,32.30 1 5
github.com/ukma-cs-ssdm-2025/team-circus/internal/handler/group/create.go:32.30,34.14 2 5
github.com/ukma-cs-ssdm-2025/team-circus/internal/handler/group/create.go:34.14,37.4 2 0
github.com/ukma-cs-ssdm-2025/team-circus/internal/handler/group/create.go:39.3,40.10 2 5
github.com/ukma-cs-ssdm-2025/team-circus/internal/handler/group/create.go:40.10,43.4 2 0
github.com/ukma-cs-ssdm-2025/team-circus/internal/handler/group/create.go:45.3,46.48 2 5
github.com/ukma-cs-ssdm-2025/team-circus/internal/handler/group/create.go:46.48,51.4 4 1
github.com/ukma-cs-ssdm-2025/team-circus/internal/handler/group/create.go:53.3,53.40 1 4
github.com/ukma-cs-ssdm-2025/team-circus/internal/handler/group/create.go:53.40,58.4 4 1
github.com/ukma-cs-ssdm-2025/team-circus/internal/handler/group/create.go:60.3,61.41 2 3
github.com/ukma-cs-ssdm-2025/team-circus/internal/handler/group/create.go:61.41,65.4 3 1
github.com/ukma-cs-ssdm-2025/team-circus/internal/handler/group/create.go:66.3,66.17 1 2
github.com/ukma-cs-ssdm-2025/team-circus/internal/handler/group/create.go:66.17,70.4 3 1
github.com/ukma-cs-ssdm-2025/team-circus/internal/handler/group/create.go:72.3,74.39 2 1
github.com/ukma-cs-ssdm-2025/team-circus/internal/handler/group/delete.go:32.92,33.30 1 5
github.com/ukma-cs-ssdm-2025/team-circus/internal/handler/group/delete.go:33.30,36.17 3 5
github.com/ukma-cs-ssdm-2025/team-circus/internal/handler/group/delete.go:36.17,41.4 4 1
github.com/ukma-cs-ssdm-2025/team-circus/internal/handler/group/delete.go:43.3,44.46 2 4
github.com/ukma-cs-ssdm-2025/team-circus/internal/handler/group/delete.go:44.46,48.4 3 1
github.com/ukma-cs-ssdm-2025/team-circus/internal/handler/group/delete.go:49.3,49.41 1 3
github.com/ukma-cs-ssdm-2025/team-circus/internal/handler/group/delete.go:49.41,53.4 3 1
github.com/ukma-cs-ssdm-2025/team-circus/internal/handler/group/delete.go:54.3,54.17 1 2
github.com/ukma-cs-ssdm-2025/team-circus/internal/handler/group/delete.go:54.17,58.4 3 1
github.com/ukma-cs-ssdm-2025/team-circus/internal/handler/group/delete.go:60.3,64.34 2 1
github.com/ukma-cs-ssdm-2025/team-circus/internal/handler/group/handlers.go:8.82,14.2 1 1
github.com/ukma-cs-ssdm-2025/team-circus/internal/handler/group/handlers.go:16.76,22.2 1 3
github.com/ukma-cs-ssdm-2025/team-circus/internal/handler/group/handlers.go:24.82,30.2 1 1
github.com/ukma-cs-ssdm-2025/team-circus/internal/handler/group/handlers.go:32.85,34.31 2 2
github.com/ukma-cs-ssdm-2025/team-circus/internal/handler/group/handlers.go:34.31,36.3 1 2
github.com/ukma-cs-ssdm-2025/team-circus/internal/handler/group/handlers.go:37.2,37.15 1 2
github.com/ukma-cs-ssdm-2025/team-circus/internal/handler/group/read.go:38.86,39.30 1 8
github.com/ukma-cs-ssdm-2025/team-circus/internal/handler/group/read.go:39.30,41.14 2 8
github.com/ukma-cs-ssdm-2025/team-circus/internal/handler/group/read.go:41.14,44.4 2 1
github.com/ukma-cs-ssdm-2025/team-circus/internal/handler/group/read.go:45.3,46.10 2 7
github.com/ukma-cs-ssdm-2025/team-circus/internal/handler/group/read.go:46.10,49.4 2 1
github.com/ukma-cs-ssdm-2025/team-circus/internal/handler/group/read.go:51.3,53.17 3 6
github.com/ukma-cs-ssdm-2025/team-circus/internal/handler/group/read.go:53.17,58.4 4 1
github.com/ukma-cs-ssdm-2025/team-circus/internal/handler/group/read.go:60.3,61.46 2 5
github.com/ukma-cs-ssdm-2025/team-circus/internal/handler/group/read.go:61.46,65.4 3 1
github.com/ukma-cs-ssdm-2025/team-circus/internal/handler/group/read.go:66.3,66.42 1 4
github.com/ukma-cs-ssdm-2025/team-circus/internal/handler/group/read.go:66.42,69.4 2 1
github.com/ukma-cs-ssdm-2025/team-circus/internal/handler/group/read.go:70.3,70.41 1 3
github.com/ukma-cs-ssdm-2025/team-circus/internal/handler/group/read.go:70.41,73.4 2 1
github.com/ukma-cs-ssdm-2025/team-circus/internal/handler/group/read.go:74.3,74.17 1 2
github.com/ukma-cs-ssdm-2025/team-circus/internal/handler/group/read.go:74.17,78.4 3 1
github.com/ukma-cs-ssdm-2025/team-circus/internal/handler/group/read.go:80.3,82.34 2 1
github.com/ukma-cs-ssdm-2025/team-circus/internal/handler/group/read.go:96.94,97.30 1 6
github.com/ukma-cs-ssdm-2025/team-circus/internal/handler/group/read.go:97.30,99.14 2 6
github.com/ukma-cs-ssdm-2025/team-circus/internal/handler/group/read.go:99.14,102.4 2 1
github.com/ukma-cs-ssdm-2025/team-circus/internal/handler/group/read.go:104.3,105.10 2 5
github.com/ukma-cs-ssdm-2025/team-circus/internal/handler/group/read.go:105.10,108.4 2 1
github.com/ukma-cs-ssdm-2025/team-circus/internal/handler/group/read.go:110.3,111.41 2 4
github.com/ukma-cs-ssdm-2025/team-circus/internal/handler/group/read.go:111.41,115.4 3 1
github.com/ukma-cs-ssdm-2025/team-circus/internal/handler/group/read.go:116.3,116.17 1 3
github.com/ukma-cs-ssdm-2025/team-circus/internal/handler/group/read.go:116.17,120.4 3 1
github.com/ukma-cs-ssdm-2025/team-circus/internal/handler/group/read.go:122.3,126.34 2 2
github.com/ukma-cs-ssdm-2025/team-circus/internal/handler/group/update.go:33.92,34.30 1 7
github.com/ukma-cs-ssdm-2025/team-circus/internal/handler/group/update.go:34.30,37.17 3 7
github.com/ukma-cs-ssdm-2025/team-circus/internal/handler/group/update.go:37.17,42.4 4 1
github.com/ukma-cs-ssdm-2025/team-circus/internal/handler/group/update.go:44.3,45.48 2 6
github.com/ukma-cs-ssdm-2025/team-circus/internal/handler/group/update.go:45.48,50.4 4 1
github.com/ukma-cs-ssdm-2025/team-circus/internal/handler/group/update.go:52.3,52.40 1 5
github.com/ukma-cs-ssdm-2025/team-circus/internal/handler/group/update.go:52.40,57.4 4 1
github.com/ukma-cs-ssdm-2025/team-circus/internal/handler/group/update.go:59.3,60.46 2 4
github.com/ukma-cs-ssdm-2025/team-circus/internal/handler/group/update.go:60.46,64.4 3 1
github.com/ukma-cs-ssdm-2025/team-circus/internal/handler/group/update.go:65.3,65.41 1 3
github.com/ukma-cs-ssdm-2025/team-circus/internal/handler/group/update.go:65.41,69.4 3 1
github.com/ukma-cs-ssdm-2025/team-circus/internal/handler/group/update.go:70.3,70.17 1 2
github.com/ukma-cs-ssdm-2025/team-circus/internal/handler/group/update.go:70.17,74.4 3 1
github.com/ukma-cs-ssdm-2025/team-circus/internal/handler/group/update.go:76.3,78.34 2 1
github.com/ukma-cs-ssdm-2025/team-circus/internal/handler/member/create.go:21.94,22.30 1 12
github.com/ukma-cs-ssdm-2025/team-circus/internal/handler/member/create.go:22.30,25.17 3 12
github.com/ukma-cs-ssdm-2025/team-circus/internal/handler/member/create.go:25.17,30.4 4 1
github.com/ukma-cs-ssdm-2025/team-circus/internal/handler/member/create.go:32.3,33.14 2 11
github.com/ukma-cs-ssdm-2025/team-circus/internal/handler/member/create.go:33.14,36.4 2 1
github.com/ukma-cs-ssdm-2025/team-circus/internal/handler/member/create.go:38.3,39.10 2 10
github.com/ukma-cs-ssdm-2025/team-circus/internal/handler/member/create.go:39.10,42.4 2 1
github.com/ukma-cs-ssdm-2025/team-circus/internal/handler/member/create.go:44.3,45.48 2 9
github.com/ukma-cs-ssdm-2025/team-circus/internal/handler/member/create.go:45.48,50.4 4 1
github.com/ukma-cs-ssdm-2025/team-circus/internal/handler/member/create.go:52.3,52.40 1 8
github.com/ukma-cs-ssdm-2025/team-circus/internal/handler/member/create.go:52.40,57.4 4 1
github.com/ukma-cs-ssdm-2025/team-circus/internal/handler/member/create.go:59.3,61.42 2 7
github.com/ukma-cs-ssdm-2025/team-circus/internal/handler/member/create.go:61.42,64.4 2 1
github.com/ukma-cs-ssdm-2025/team-circus/internal/handler/member/create.go:65.3,65.46 1 6
github.com/ukma-cs-ssdm-2025/team-circus/internal/handler/member/create.go:65.46,68.4 2 1
github.com/ukma-cs-ssdm-2025/team-circus/internal/handler/member/create.go:69.3,69.45 1 5
github.com/ukma-cs-ssdm-2025/team-circus/internal/handler/member/create.go:69.45,72.4 2 1
github.com/ukma-cs-ssdm-2025/team-circus/internal/handler/member/create.go:73.3,73.46 1 4
github.com/ukma-cs-ssdm-2025/team-circus/internal/handler/member/create.go:73.46,76.4 2 1
github.com/ukma-cs-ssdm-2025/team-circus/internal/handler/member/create.go:77.3,77.43 1 3
github.com/ukma-cs-ssdm-2025/team-circus/internal/handler/member/create.go:77.43,80.4 2 1
github.com/ukma-cs-ssdm-2025/team-circus/internal/handler/member/create.go:81.3,81.17 1 2
github.com/ukma-cs-ssdm-2025/team-circus/internal/handler/member/create.go:81.17,85.4 3 1
github.com/ukma-cs-ssdm-2025/team-circus/internal/handler/member/create.go:87.3,89.39 2 1
github.com/ukma-cs-ssdm-2025/team-circus/internal/handler/member/delete.go:20.94,21.30 1 10
github.com/ukma-cs-ssdm-2025/team-circus/internal/handler/member/delete.go:21.30,24.17 3 10
github.com/ukma-cs-ssdm-2025/team-circus/internal/handler/member/delete.go:24.17,29.4 4 1
github.com/ukma-cs-ssdm-2025/team-circus/internal/handler/member/delete.go:31.3,32.14 2 9
github.com/ukma-cs-ssdm-2025/team-circus/internal/handler/member/delete.go:32.14,35.4 2 1
github.com/ukma-cs-ssdm-2025/team-circus/internal/handler/member/delete.go:37.3,38.10 2 8
github.com/ukma-cs-ssdm-2025/team-circus/internal/handler/member/delete.go:38.10,41.4 2 1
github.com/ukma-cs-ssdm-2025/team-circus/internal/handler/member/delete.go:43.3,45.17 3 7
github.com/ukma-cs-ssdm-2025/team-circus/internal/handler/member/delete.go:45.17,50.4 4 1
github.com/ukma-cs-ssdm-2025/team-circus/internal/handler/member/delete.go:52.3,53.42 2 6
github.com/ukma-cs-ssdm-2025/team-circus/internal/handler/member/delete.go:53.42,56.4 2 1
github.com/ukma-cs-ssdm-2025/team-circus/internal/handler/member/delete.go:57.3,57.46 1 5
github.com/ukma-cs-ssdm-2025/team-circus/internal/handler/member/delete.go:57.46,60.4 2 1
github.com/ukma-cs-ssdm-2025/team-circus/internal/handler/member/delete.go:61.3,61.45 1 4
github.com/ukma-cs-ssdm-2025/team-circus/internal/handler/member/delete.go:61.45,64.4 2 1
github.com/ukma-cs-ssdm-2025/team-circus/internal/handler/member/delete.go:65.3,65.43 1 3
github.com/ukma-cs-ssdm-2025/team-circus/internal/handler/member/delete.go:65.43,68.4 2 1
github.com/ukma-cs-ssdm-2025/team-circus/internal/handler/member/delete.go:69.3,69.17 1 2
github.com/ukma-cs-ssdm-2025/team-circus/internal/handler/member/delete.go:69.17,73.4 3 1
github.com/ukma-cs-ssdm-2025/team-circus/internal/handler/member/delete.go:75.3,79.34 2 1
github.com/ukma-cs-ssdm-2025/team-circus/internal/handler/member/handlers.go:8.77,15.2 1 4
github.com/ukma-cs-ssdm-2025/team-circus/internal/handler/member/handlers.go:17.83,19.33 2 1
github.com/ukma-cs-ssdm-2025/team-circus/internal/handler/member/handlers.go:19.33,21.3 1 2
github.com/ukma-cs-ssdm-2025/team-circus/internal/handler/member/handlers.go:22.2,22.15 1 1
github.com/ukma-cs-ssdm-2025/team-circus/internal/handler/member/read.go:20.96,21.30 1 7
github.com/ukma-cs-ssdm-2025/team-circus/internal/handler/member/read.go:21.30,24.17 3 7
github.com/ukma-cs-ssdm-2025/team-circus/internal/handler/member/read.go:24.17,29.4 4 1
github.com/ukma-cs-ssdm-2025/team-circus/internal/handler/member/read.go:31.3,32.14 2 6
github.com/ukma-cs-ssdm-2025/team-circus/internal/handler/member/read.go:32.14,35.4 2 1
github.com/ukma-cs-ssdm-2025/team-circus/internal/handler/member/read.go:37.3,38.10 2 5
github.com/ukma-cs-ssdm-2025/team-circus/internal/handler/member/read.go:38.10,41.4 2 1
github.com/ukma-cs-ssdm-2025/team-circus/internal/handler/member/read.go:43.3,44.42 2 4
github.com/ukma-cs-ssdm-2025/team-circus/internal/handler/member/read.go:44.42,47.4 2 1
github.com/ukma-cs-ssdm-2025/team-circus/internal/handler/member/read.go:48.3,48.46 1 3
github.com/ukma-cs-ssdm-2025/team-circus/internal/handler/member/read.go:48.46,51.4 2 1
github.com/ukma-cs-ssdm-2025/team-circus/internal/handler/member/read.go:52.3,52.17 1 2
github.com/ukma-cs-ssdm-2025/team-circus/internal/handler/member/read.go:52.17,56.4 3 1
github.com/ukma-cs-ssdm-2025/team-circus/internal/handler/member/read.go:58.3,62.34 2 1
github.com/ukma-cs-ssdm-2025/team-circus/internal/handler/member/update.go:20.94,21.30 1 12
github.com/ukma-cs-ssdm-2025/team-circus/internal/handler/member/update.go:21.30,24.17 3 12
github.com/ukma-cs-ssdm-2025/team-circus/internal/handler/member/update.go:24.17,29.4 4 1
github.com/ukma-cs-ssdm-2025/team-circus/internal/handler/member/update.go:31.3,32.14 2 11
github.com/ukma-cs-ssdm-2025/team-circus/internal/handler/member/update.go:32.14,35.4 2 1
github.com/ukma-cs-ssdm-2025/team-circus/internal/handler/member/update.go:37.3,38.10 2 10
github.com/ukma-cs-ssdm-2025/team-circus/internal/handler/member/update.go:38.10,41.4 2 1
github.com/ukma-cs-ssdm-2025/team-circus/internal/handler/member/update.go:43.3,45.17 3 9
github.com/ukma-cs-ssdm-2025/team-circus/internal/handler/member/update.go:45.17,50.4 4 1
github.com/ukma-cs-ssdm-2025/team-circus/internal/handler/member/update.go:52.3,53.48 2 8
github.com/ukma-cs-ssdm-2025/team-circus/internal/handler/member/update.go:53.48,58.4 4 1
github.com/ukma-cs-ssdm-2025/team-circus/internal/handler/member/update.go:60.3,60.40 1 7
github.com/ukma-cs-ssdm-2025/team-circus/internal/handler/member/update.go:60.40,65.4 4 1
github.com/ukma-cs-ssdm-2025/team-circus/internal/handler/member/update.go:67.3,69.42 2 6
github.com/ukma-cs-ssdm-2025/team-circus/internal/handler/member/update.go:69.42,72.4 2 1
github.com/ukma-cs-ssdm-2025/team-circus/internal/handler/member/update.go:73.3,73.46 1 5
github.com/ukma-cs-ssdm-2025/team-circus/internal/handler/member/update.go:73.46,76.4 2 1
github.com/ukma-cs-ssdm-2025/team-circus/internal/handler/member/update.go:77.3,77.45 1 4
github.com/ukma-cs-ssdm-2025/team-circus/internal/handler/member/update.go:77.45,80.4 2 1
github.com/ukma-cs-ssdm-2025/team-circus/internal/handler/member/update.go:81.3,81.43 1 3
github.com/ukma-cs-ssdm-2025/team-circus/internal/handler/member/update.go:81.43,84.4 2 1
github.com/ukma-cs-ssdm-2025/team-circus/internal/handler/member/update.go:85.3,85.17 1 2
github.com/ukma-cs-ssdm-2025/team-circus/internal/handler/member/update.go:85.17,89.4 3 1
github.com/ukma-cs-ssdm-2025/team-circus/internal/handler/member/update.go:91.3,93.34 2 1
github.com/ukma-cs-ssdm-2025/team-circus/internal/handler/reg/handlers.go:8.68,15.2 1 1
github.com/ukma-cs-ssdm-2025/team-circus/internal/handler/reg/register.go:30.76,31.30 1 6
github.com/ukma-cs-ssdm-2025/team-circus/internal/handler/reg/register.go:31.30,33.48 2 6
github.com/ukma-cs-ssdm-2025/team-circus/internal/handler/reg/register.go:33.48,38.4 4 2
github.com/ukma-cs-ssdm-2025/team-circus/internal/handler/reg/register.go:40.3,40.40 1 4
github.com/ukma-cs-ssdm-2025/team-circus/internal/handler/reg/register.go:40.40,45.4 4 1
github.com/ukma-cs-ssdm-2025/team-circus/internal/handler/reg/register.go:47.3,48.41 2 3
github.com/ukma-cs-ssdm-2025/team-circus/internal/handler/reg/register.go:48.41,56.4 3 1
github.com/ukma-cs-ssdm-2025/team-circus/internal/handler/reg/register.go:57.3,57.17 1 2
github.com/ukma-cs-ssdm-2025/team-circus/internal/handler/reg/register.go:57.17,65.4 3 1
github.com/ukma-cs-ssdm-2025/team-circus/internal/handler/reg/register.go:67.3,69.39 2 1
github.com/ukma-cs-ssdm-2025/team-circus/internal/handler/user/delete.go:32.90,33.30 1 5
github.com/ukma-cs-ssdm-2025/team-circus/internal/handler/user/delete.go:33.30,36.17 3 5
github.com/ukma-cs-ssdm-2025/team-circus/internal/handler/user/delete.go:36.17,41.4 4 1
github.com/ukma-cs-ssdm-2025/team-circus/internal/handler/user/delete.go:43.3,44.45 2 4
github.com/ukma-cs-ssdm-2025/team-circus/internal/handler/user/delete.go:44.45,48.4 3 1
github.com/ukma-cs-ssdm-2025/team-circus/internal/handler/user/delete.go:49.3,49.41 1 3
github.com/ukma-cs-ssdm-2025/team-circus/internal/handler/user/delete.go:49.41,53.4 3 1
github.com/ukma-cs-ssdm-2025/team-circus/internal/handler/user/delete.go:54.3,54.17 1 2
github.com/ukma-cs-ssdm-2025/team-circus/internal/handler/user/delete.go:54.17,58.4 3 1
github.com/ukma-cs-ssdm-2025/team-circus/internal/handler/user/delete.go:60.3,64.34 2 1
github.com/ukma-cs-ssdm-2025/team-circus/internal/handler/user/handlers.go:8.72,15.2 1 3
github.com/ukma-cs-ssdm-2025/team-circus/internal/handler/user/handlers.go:17.78,24.2 1 1
github.com/ukma-cs-ssdm-2025/team-circus/internal/handler/user/handlers.go:26.81,28.29 2 2
github.com/ukma-cs-ssdm-2025/team-circus/internal/handler/user/handlers.go:28.29,30.3 1 2
github.com/ukma-cs-ssdm-2025/team-circus/internal/handler/user/handlers.go:31.2,31.15 1 2
github.com/ukma-cs-ssdm-2025/team-circus/internal/handler/user/read.go:36.84,37.30 1 5
github.com/ukma-cs-ssdm-2025/team-circus/internal/handler/user/read.go:37.30,40.17 3 5
github.com/ukma-cs-ssdm-2025/team-circus/internal/handler/user/read.go:40.17,45.4 4 1
github.com/ukma-cs-ssdm-2025/team-circus/internal/handler/user/read.go:47.3,48.45 2 4
github.com/ukma-cs-ssdm-2025/team-circus/internal/handler/user/read.go:48.45,52.4 3 1
github.com/ukma-cs-ssdm-2025/team-circus/internal/handler/user/read.go:53.3,53.41 1 3
github.com/ukma-cs-ssdm-2025/team-circus/internal/handler/user/read.go:53.41,57.4 3 1
github.com/ukma-cs-ssdm-2025/team-circus/internal/handler/user/read.go:58.3,58.17 1 2
github.com/ukma-cs-ssdm-2025/team-circus/internal/handler/user/read.go:58.17,62.4 3 1
github.com/ukma-cs-ssdm-2025/team-circus/internal/handler/user/read.go:64.3,66.34 2 1
github.com/ukma-cs-ssdm-2025/team-circus/internal/handler/user/read.go:79.92,80.30 1 4
github.com/ukma-cs-ssdm-2025/team-circus/internal/handler/user/read.go:80.30,82.41 2 4
github.com/ukma-cs-ssdm-2025/team-circus/internal/handler/user/read.go:82.41,86.4 3 1
github.com/ukma-cs-ssdm-2025/team-circus/internal/handler/user/read.go:87.3,87.17 1 3
github.com/ukma-cs-ssdm-2025/team-circus/internal/handler/user/read.go:87.17,91.4 3 1
github.com/ukma-cs-ssdm-2025/team-circus/internal/handler/user/read.go:93.3,97.34 2 2
github.com/ukma-cs-ssdm-2025/team-circus/internal/handler/user/update.go:33.90,34.30 1 9
github.com/ukma-cs-ssdm-2025/team-circus/internal/handler/user/update.go:34.30,37.17 3 9
github.com/ukma-cs-ssdm-2025/team-circus/internal/handler/user/update.go:37.17,42.4 4 1
github.com/ukma-cs-ssdm-2025/team-circus/internal/handler/user/update.go:44.3,45.48 2 8
github.com/ukma-cs-ssdm-2025/team-circus/internal/handler/user/update.go:45.48,50.4 4 1
github.com/ukma-cs-ssdm-2025/team-circus/internal/handler/user/update.go:52.3,52.40 1 7
github.com/ukma-cs-ssdm-2025/team-circus/internal/handler/user/update.go:52.40,57.4 4 3
github.com/ukma-cs-ssdm-2025/team-circus/internal/handler/user/update.go:59.3,60.45 2 4
github.com/ukma-cs-ssdm-2025/team-circus/internal/handler/user/update.go:60.45,64.4 3 1
github.com/ukma-cs-ssdm-2025/team-circus/internal/handler/user/update.go:65.3,65.41 1 3
github.com/ukma-cs-ssdm-2025/team-circus/internal/handler/user/update.go:65.41,69.4 3 1
github.com/ukma-cs-ssdm-2025/team-circus/internal/handler/user/update.go:70.3,70.17 1 2
github.com/ukma-cs-ssdm-2025/team-circus/internal/handler/user/update.go:70.17,74.4 3 1
github.com/ukma-cs-ssdm-2025/team-circus/internal/handler/user/update.go:76.3,78.34 2 1
github.com/ukma-cs-ssdm-2025/team-circus/internal/handler/document/requests/create.go:14.49,20.2 1 0
github.com/ukma-cs-ssdm-2025/team-circus/internal/handler/document/requests/update.go:12.49,17.2 1 0
github.com/ukma-cs-ssdm-2025/team-circus/internal/app/app.go:27.50,32.2 1 0
github.com/ukma-cs-ssdm-2025/team-circus/internal/app/app.go:34.46,39.16 3 0
github.com/ukma-cs-ssdm-2025/team-circus/internal/app/app.go:39.16,41.3 1 0
github.com/ukma-cs-ssdm-2025/team-circus/internal/app/app.go:42.2,51.12 4 0
github.com/ukma-cs-ssdm-2025/team-circus/internal/app/app.go:51.12,52.48 1 0
github.com/ukma-cs-ssdm-2025/team-circus/internal/app/app.go:52.48,54.4 1 0
github.com/ukma-cs-ssdm-2025/team-circus/internal/app/app.go:56.2,67.16 8 0
github.com/ukma-cs-ssdm-2025/team-circus/internal/app/app.go:67.16,69.3 1 0
github.com/ukma-cs-ssdm-2025/team-circus/internal/app/app.go:70.2,70.12 1 0
github.com/ukma-cs-ssdm-2025/team-circus/internal/app/app.go:73.58,77.18 2 0
github.com/ukma-cs-ssdm-2025/team-circus/internal/app/app.go:77.18,78.52 1 0
github.com/ukma-cs-ssdm-2025/team-circus/internal/app/app.go:78.52,82.4 3 0
github.com/ukma-cs-ssdm-2025/team-circus/internal/app/app.go:82.9,84.4 1 0
github.com/ukma-cs-ssdm-2025/team-circus/internal/app/app.go:88.2,88.17 1 0
github.com/ukma-cs-ssdm-2025/team-circus/internal/app/app.go:88.17,89.38 1 0
github.com/ukma-cs-ssdm-2025/team-circus/internal/app/app.go:89.38,92.26 3 0
github.com/ukma-cs-ssdm-2025/team-circus/internal/app/app.go:92.26,94.5 1 0
github.com/ukma-cs-ssdm-2025/team-circus/internal/app/app.go:95.9,97.4 1 0
github.com/ukma-cs-ssdm-2025/team-circus/internal/app/app.go:99.2,99.20 1 0
github.com/ukma-cs-ssdm-2025/team-circus/internal/app/setup.go:29.41,63.2 16 0
github.com/ukma-cs-ssdm-2025/team-circus/internal/app/setup.go:63.2,68.3 3 0
github.com/ukma-cs-ssdm-2025/team-circus/internal/app/setup.go:70.2,72.2 3 0
github.com/ukma-cs-ssdm-2025/team-circus/internal/app/setup.go:72.2,76.3 3 0
github.com/ukma-cs-ssdm-2025/team-circus/internal/app/setup.go:76.3,84.4 7 0
github.com/ukma-cs-ssdm-2025/team-circus/internal/app/setup.go:84.4,89.5 4 0
github.com/ukma-cs-ssdm-2025/team-circus/internal/app/setup.go:92.3,93.3 2 0
github.com/ukma-cs-ssdm-2025/team-circus/internal/app/setup.go:93.3,99.4 5 0
github.com/ukma-cs-ssdm-2025/team-circus/internal/app/setup.go:101.3,102.3 2 0
github.com/ukma-cs-ssdm-2025/team-circus/internal/app/setup.go:102.3,107.4 4 0
github.com/ukma-cs-ssdm-2025/team-circus/internal/app/setup.go:109.2,109.15 1 0
github.com/ukma-cs-ssdm-2025/team-circus/cmd/main.go:24.13,29.16 5 0
github.com/ukma-cs-ssdm-2025/team-circus/cmd/main.go:29.16,31.3 1 0
github.com/ukma-cs-ssdm-2025/team-circus/cmd/main.go:32.2,37.37 5 0
github.com/ukma-cs-ssdm-2025/team-circus/cmd/main.go:37.37,39.3 1 0
github.com/ukma-cs-ssdm-2025/team-circus/cmd/main.go:41.2,41.36 1 0
github.com/ukma-cs-ssdm-2025/team-circus/internal/handler/auth/requests/login.go:12.40,17.2 1 0
github.com/ukma-cs-ssdm-2025/team-circus/docs/docs.go:1219.13,1221.2 1 0
github.com/ukma-cs-ssdm-2025/team-circus/internal/config/config.go:18.32,23.2 1 0
github.com/ukma-cs-ssdm-2025/team-circus/internal/config/config.go:48.30,50.52 2 0
github.com/ukma-cs-ssdm-2025/team-circus/internal/config/config.go:50.52,52.3 1 0
github.com/ukma-cs-ssdm-2025/team-circus/internal/config/config.go:54.2,54.18 1 0
github.com/ukma-cs-ssdm-2025/team-circus/internal/handler/group/requests/create.go:11.46,15.2 1 0
github.com/ukma-cs-ssdm-2025/team-circus/internal/handler/group/requests/update.go:11.46,15.2 1 0
github.com/ukma-cs-ssdm-2025/team-circus/internal/handler/reg/requests/register.go:13.38,19.2 1 0
github.com/ukma-cs-ssdm-2025/team-circus/internal/handler/member/requests/create.go:14.47,25.2 1 0
github.com/ukma-cs-ssdm-2025/team-circus/internal/handler/member/requests/update.go:12.47,21.2 1 0
github.com/ukma-cs-ssdm-2025/team-circus/internal/repo/user/delete.go:13.76,17.16 3 0
github.com/ukma-cs-ssdm-2025/team-circus/internal/repo/user/delete.go:17.16,19.3 1 0
github.com/ukma-cs-ssdm-2025/team-circus/internal/repo/user/delete.go:21.2,22.16 2 0
github.com/ukma-cs-ssdm-2025/team-circus/internal/repo/user/delete.go:22.16,24.3 1 0
github.com/ukma-cs-ssdm-2025/team-circus/internal/repo/user/delete.go:26.2,26.23 1 0
github.com/ukma-cs-ssdm-2025/team-circus/internal/repo/user/delete.go:26.23,28.3 1 0
github.com/ukma-cs-ssdm-2025/team-circus/internal/repo/user/delete.go:30.2,30.12 1 0
github.com/ukma-cs-ssdm-2025/team-circus/internal/repo/user/read.go:13.95,27.16 4 0
github.com/ukma-cs-ssdm-2025/team-circus/internal/repo/user/read.go:27.16,28.27 1 0
github.com/ukma-cs-ssdm-2025/team-circus/internal/repo/user/read.go:28.27,30.4 1 0
github.com/ukma-cs-ssdm-2025/team-circus/internal/repo/user/read.go:31.3,31.97 1 0
github.com/ukma-cs-ssdm-2025/team-circus/internal/repo/user/read.go:34.2,34.19 1 0
github.com/ukma-cs-ssdm-2025/team-circus/internal/repo/user/read.go:37.94,51.16 4 0
github.com/ukma-cs-ssdm-2025/team-circus/internal/repo/user/read.go:51.16,52.27 1 0
github.com/ukma-cs-ssdm-2025/team-circus/internal/repo/user/read.go:52.27,54.4 1 0
github.com/ukma-cs-ssdm-2025/team-circus/internal/repo/user/read.go:55.3,55.98 1 0
github.com/ukma-cs-ssdm-2025/team-circus/internal/repo/user/read.go:58.2,58.19 1 0
github.com/ukma-cs-ssdm-2025/team-circus/internal/repo/user/read.go:61.78,68.16 3 0
github.com/ukma-cs-ssdm-2025/team-circus/internal/repo/user/read.go:68.16,70.3 1 0
github.com/ukma-cs-ssdm-2025/team-circus/internal/repo/user/read.go:71.2,74.18 3 0
github.com/ukma-cs-ssdm-2025/team-circus/internal/repo/user/read.go:74.18,83.17 3 0
github.com/ukma-cs-ssdm-2025/team-circus/internal/repo/user/read.go:83.17,85.4 1 0
github.com/ukma-cs-ssdm-2025/team-circus/internal/repo/user/read.go:86.3,86.31 1 0
github.com/ukma-cs-ssdm-2025/team-circus/internal/repo/user/read.go:89.2,89.34 1 0
github.com/ukma-cs-ssdm-2025/team-circus/internal/repo/user/read.go:89.34,91.3 1 0
github.com/ukma-cs-ssdm-2025/team-circus/internal/repo/user/read.go:93.2,93.19 1 0
github.com/ukma-cs-ssdm-2025/team-circus/internal/repo/user/repo.go:11.52,15.2 1 0
github.com/ukma-cs-ssdm-2025/team-circus/internal/repo/user/update.go:13.137,28.16 4 0
github.com/ukma-cs-ssdm-2025/team-circus/internal/repo/user/update.go:28.16,29.27 1 0
github.com/ukma-cs-ssdm-2025/team-circus/internal/repo/user/update.go:29.27,31.4 1 0
github.com/ukma-cs-ssdm-2025/team-circus/internal/repo/user/update.go:32.3,32.94 1 0
github.com/ukma-cs-ssdm-2025/team-circus/internal/repo/user/update.go:35.2,35.19 1 0
github.com/ukma-cs-ssdm-2025/team-circus/internal/middleware/auth.go:21.82,22.30 1 0
github.com/ukma-cs-ssdm-2025/team-circus/internal/middleware/auth.go:22.30,24.38 2 0
github.com/ukma-cs-ssdm-2025/team-circus/internal/middleware/auth.go:24.38,27.4 2 0
github.com/ukma-cs-ssdm-2025/team-circus/internal/middleware/auth.go:29.3,29.24 1 0
github.com/ukma-cs-ssdm-2025/team-circus/internal/middleware/auth.go:29.24,32.4 2 0
github.com/ukma-cs-ssdm-2025/team-circus/internal/middleware/auth.go:34.3,34.115 1 0
github.com/ukma-cs-ssdm-2025/team-circus/internal/middleware/auth.go:34.115,35.55 1 0
github.com/ukma-cs-ssdm-2025/team-circus/internal/middleware/auth.go:35.55,37.5 1 0
github.com/ukma-cs-ssdm-2025/team-circus/internal/middleware/auth.go:38.4,38.35 1 0
github.com/ukma-cs-ssdm-2025/team-circus/internal/middleware/auth.go:40.3,40.17 1 0
github.com/ukma-cs-ssdm-2025/team-circus/internal/middleware/auth.go:40.17,43.4 2 0
github.com/ukma-cs-ssdm-2025/team-circus/internal/middleware/auth.go:45.3,46.26 2 0
github.com/ukma-cs-ssdm-2025/team-circus/internal/middleware/auth.go:46.26,49.4 2 0
github.com/ukma-cs-ssdm-2025/team-circus/internal/middleware/auth.go:51.3,51.73 1 0
github.com/ukma-cs-ssdm-2025/team-circus/internal/middleware/auth.go:51.73,54.4 2 0
github.com/ukma-cs-ssdm-2025/team-circus/internal/middleware/auth.go:56.3,57.17 2 0
github.com/ukma-cs-ssdm-2025/team-circus/internal/middleware/auth.go:57.17,60.4 2 0
github.com/ukma-cs-ssdm-2025/team-circus/internal/middleware/auth.go:62.3,63.17 2 0
github.com/ukma-cs-ssdm-2025/team-circus/internal/middleware/auth.go:63.17,64.42 1 0
github.com/ukma-cs-ssdm-2025/team-circus/internal/middleware/auth.go:64.42,67.5 2 0
github.com/ukma-cs-ssdm-2025/team-circus/internal/middleware/auth.go:68.4,69.10 2 0
github.com/ukma-cs-ssdm-2025/team-circus/internal/middleware/auth.go:72.3,72.18 1 0
github.com/ukma-cs-ssdm-2025/team-circus/internal/middleware/auth.go:72.18,75.4 2 0
github.com/ukma-cs-ssdm-2025/team-circus/internal/middleware/auth.go:77.3,79.11 2 0
github.com/ukma-cs-ssdm-2025/team-circus/internal/repo/group/create.go:11.91,23.16 4 0
github.com/ukma-cs-ssdm-2025/team-circus/internal/repo/group/create.go:23.16,25.3 1 0
github.com/ukma-cs-ssdm-2025/team-circus/internal/repo/group/create.go:27.2,27.20 1 0
github.com/ukma-cs-ssdm-2025/team-circus/internal/repo/group/delete.go:13.77,17.16 3 0
github.com/ukma-cs-ssdm-2025/team-circus/internal/repo/group/delete.go:17.16,19.3 1 0
github.com/ukma-cs-ssdm-2025/team-circus/internal/repo/group/delete.go:21.2,22.16 2 0
github.com/ukma-cs-ssdm-2025/team-circus/internal/repo/group/delete.go:22.16,24.3 1 0
github.com/ukma-cs-ssdm-2025/team-circus/internal/repo/group/delete.go:26.2,26.23 1 0
github.com/ukma-cs-ssdm-2025/team-circus/internal/repo/group/delete.go:26.23,28.3 1 0
github.com/ukma-cs-ssdm-2025/team-circus/internal/repo/group/delete.go:30.2,30.12 1 0
github.com/ukma-cs-ssdm-2025/team-circus/internal/repo/group/read.go:13.97,25.16 4 0
github.com/ukma-cs-ssdm-2025/team-circus/internal/repo/group/read.go:25.16,26.27 1 0
github.com/ukma-cs-ssdm-2025/team-circus/internal/repo/group/read.go:26.27,28.4 1 0
github.com/ukma-cs-ssdm-2025/team-circus/internal/repo/group/read.go:29.3,29.98 1 0
github.com/ukma-cs-ssdm-2025/team-circus/internal/repo/group/read.go:32.2,32.20 1 0
github.com/ukma-cs-ssdm-2025/team-circus/internal/repo/group/read.go:35.102,44.16 4 0
github.com/ukma-cs-ssdm-2025/team-circus/internal/repo/group/read.go:44.16,46.3 1 0
github.com/ukma-cs-ssdm-2025/team-circus/internal/repo/group/read.go:47.2,47.20 1 0
github.com/ukma-cs-ssdm-2025/team-circus/internal/repo/group/read.go:50.80,57.16 3 0
github.com/ukma-cs-ssdm-2025/team-circus/internal/repo/group/read.go:57.16,59.3 1 0
github.com/ukma-cs-ssdm-2025/team-circus/internal/repo/group/read.go:60.2,63.18 3 0
github.com/ukma-cs-ssdm-2025/team-circus/internal/repo/group/read.go:63.18,70.17 3 0
github.com/ukma-cs-ssdm-2025/team-circus/internal/repo/group/read.go:70.17,72.4 1 0
github.com/ukma-cs-ssdm-2025/team-circus/internal/repo/group/read.go:73.3,73.34 1 0
github.com/ukma-cs-ssdm-2025/team-circus/internal/repo/group/read.go:76.2,76.34 1 0
github.com/ukma-cs-ssdm-2025/team-circus/internal/repo/group/read.go:76.34,78.3 1 0
github.com/ukma-cs-ssdm-2025/team-circus/internal/repo/group/read.go:80.2,80.20 1 0
github.com/ukma-cs-ssdm-2025/team-circus/internal/repo/group/read.go:83.107,92.16 3 0
github.com/ukma-cs-ssdm-2025/team-circus/internal/repo/group/read.go:92.16,94.3 1 0
github.com/ukma-cs-ssdm-2025/team-circus/internal/repo/group/read.go:95.2,98.18 3 0
github.com/ukma-cs-ssdm-2025/team-circus/internal/repo/group/read.go:98.18,105.17 3 0
github.com/ukma-cs-ssdm-2025/team-circus/internal/repo/group/read.go:105.17,107.4 1 0
github.com/ukma-cs-ssdm-2025/team-circus/internal/repo/group/read.go:108.3,108.34 1 0
github.com/ukma-cs-ssdm-2025/team-circus/internal/repo/group/read.go:111.2,111.34 1 0
github.com/ukma-cs-ssdm-2025/team-circus/internal/repo/group/read.go:111.34,113.3 1 0
github.com/ukma-cs-ssdm-2025/team-circus/internal/repo/group/read.go:115.2,115.20 1 0
github.com/ukma-cs-ssdm-2025/team-circus/internal/repo/group/repo.go:11.54,15.2 1 0
github.com/ukma-cs-ssdm-2025/team-circus/internal/repo/group/update.go:13.107,26.16 4 0
github.com/ukma-cs-ssdm-2025/team-circus/internal/repo/group/update.go:26.16,27.27 1 0
github.com/ukma-cs-ssdm-2025/team-circus/internal/repo/group/update.go:27.27,29.4 1 0
github.com/ukma-cs-ssdm-2025/team-circus/internal/repo/group/update.go:30.3,30.95 1 0
github.com/ukma-cs-ssdm-2025/team-circus/internal/repo/group/update.go:33.2,33.20 1 0
github.com/ukma-cs-ssdm-2025/team-circus/internal/service/group/create.go:11.109,13.16 2 0
github.com/ukma-cs-ssdm-2025/team-circus/internal/service/group/create.go:13.16,15.3 1 0
github.com/ukma-cs-ssdm-2025/team-circus/internal/service/group/create.go:18.2,20.19 2 0
github.com/ukma-cs-ssdm-2025/team-circus/internal/service/group/delete.go:12.74,14.16 2 0
github.com/ukma-cs-ssdm-2025/team-circus/internal/service/group/delete.go:14.16,15.27 1 0
github.com/ukma-cs-ssdm-2025/team-circus/internal/service/group/delete.go:15.27,17.4 1 0
github.com/ukma-cs-ssdm-2025/team-circus/internal/service/group/delete.go:18.3,18.54 1 0
github.com/ukma-cs-ssdm-2025/team-circus/internal/service/group/delete.go:21.2,21.12 1 0
github.com/ukma-cs-ssdm-2025/team-circus/internal/service/group/read.go:11.94,13.16 2 0
github.com/ukma-cs-ssdm-2025/team-circus/internal/service/group/read.go:13.16,15.3 1 0
github.com/ukma-cs-ssdm-2025/team-circus/internal/service/group/read.go:17.2,17.18 1 0
github.com/ukma-cs-ssdm-2025/team-circus/internal/service/group/read.go:17.18,19.3 1 0
github.com/ukma-cs-ssdm-2025/team-circus/internal/service/group/read.go:21.2,21.19 1 0
github.com/ukma-cs-ssdm-2025/team-circus/internal/service/group/read.go:24.116,26.16 2 0
github.com/ukma-cs-ssdm-2025/team-circus/internal/service/group/read.go:26.16,28.3 1 0
github.com/ukma-cs-ssdm-2025/team-circus/internal/service/group/read.go:29.2,29.15 1 0
github.com/ukma-cs-ssdm-2025/team-circus/internal/service/group/read.go:29.15,31.3 1 0
github.com/ukma-cs-ssdm-2025/team-circus/internal/service/group/read.go:33.2,34.16 2 0
github.com/ukma-cs-ssdm-2025/team-circus/internal/service/group/read.go:34.16,36.3 1 0
github.com/ukma-cs-ssdm-2025/team-circus/internal/service/group/read.go:38.2,38.18 1 0
github.com/ukma-cs-ssdm-2025/team-circus/internal/service/group/read.go:38.18,40.3 1 0
github.com/ukma-cs-ssdm-2025/team-circus/internal/service/group/read.go:42.2,42.19 1 0
github.com/ukma-cs-ssdm-2025/team-circus/internal/service/group/read.go:45.77,47.16 2 0
github.com/ukma-cs-ssdm-2025/team-circus/internal/service/group/read.go:47.16,49.3 1 0
github.com/ukma-cs-ssdm-2025/team-circus/internal/service/group/read.go:51.2,51.20 1 0
github.com/ukma-cs-ssdm-2025/team-circus/internal/service/group/read.go:54.104,56.16 2 0
github.com/ukma-cs-ssdm-2025/team-circus/internal/service/group/read.go:56.16,58.3 1 0
github.com/ukma-cs-ssdm-2025/team-circus/internal/service/group/read.go:60.2,60.20 1 0
github.com/ukma-cs-ssdm-2025/team-circus/internal/service/group/service.go:13.102,18.2 1 0
github.com/ukma-cs-ssdm-2025/team-circus/internal/service/group/update.go:11.104,13.16 2 0
github.com/ukma-cs-ssdm-2025/team-circus/internal/service/group/update.go:13.16,15.3 1 0
github.com/ukma-cs-ssdm-2025/team-circus/internal/service/group/update.go:17.2,17.18 1 0
github.com/ukma-cs-ssdm-2025/team-circus/internal/service/group/update.go:17.18,19.3 1 0
github.com/ukma-cs-ssdm-2025/team-circus/internal/service/group/update.go:21.2,21.19 1 0
github.com/ukma-cs-ssdm-2025/team-circus/internal/repo/reg/register.go:11.122,25.16 4 0
github.com/ukma-cs-ssdm-2025/team-circus/internal/repo/reg/register.go:25.16,27.3 1 0
github.com/ukma-cs-ssdm-2025/team-circus/internal/repo/reg/register.go:29.2,29.19 1 0
github.com/ukma-cs-ssdm-2025/team-circus/internal/repo/reg/repo.go:11.50,15.2 1 0
github.com/ukma-cs-ssdm-2025/team-circus/internal/service/member/create.go:12.39,14.16 2 0
github.com/ukma-cs-ssdm-2025/team-circus/internal/service/member/create.go:14.16,16.3 1 0
github.com/ukma-cs-ssdm-2025/team-circus/internal/service/member/create.go:17.2,17.18 1 0
github.com/ukma-cs-ssdm-2025/team-circus/internal/service/member/create.go:17.18,19.3 1 0
github.com/ukma-cs-ssdm-2025/team-circus/internal/service/member/create.go:21.2,21.31 1 0
github.com/ukma-cs-ssdm-2025/team-circus/internal/service/member/create.go:21.31,23.3 1 0
github.com/ukma-cs-ssdm-2025/team-circus/internal/service/member/create.go:25.2,26.16 2 0
github.com/ukma-cs-ssdm-2025/team-circus/internal/service/member/create.go:26.16,28.3 1 0
github.com/ukma-cs-ssdm-2025/team-circus/internal/service/member/create.go:29.2,29.19 1 0
github.com/ukma-cs-ssdm-2025/team-circus/internal/service/member/create.go:29.19,31.3 1 0
github.com/ukma-cs-ssdm-2025/team-circus/internal/service/member/create.go:32.2,32.38 1 0
github.com/ukma-cs-ssdm-2025/team-circus/internal/service/member/create.go:32.38,34.3 1 0
github.com/ukma-cs-ssdm-2025/team-circus/internal/service/member/create.go:36.2,37.16 2 0
github.com/ukma-cs-ssdm-2025/team-circus/internal/service/member/create.go:37.16,39.3 1 0
github.com/ukma-cs-ssdm-2025/team-circus/internal/service/member/create.go:40.2,40.17 1 0
github.com/ukma-cs-ssdm-2025/team-circus/internal/service/member/create.go:40.17,42.3 1 0
github.com/ukma-cs-ssdm-2025/team-circus/internal/service/member/create.go:44.2,45.16 2 0
github.com/ukma-cs-ssdm-2025/team-circus/internal/service/member/create.go:45.16,47.3 1 0
github.com/ukma-cs-ssdm-2025/team-circus/internal/service/member/create.go:48.2,48.27 1 0
github.com/ukma-cs-ssdm-2025/team-circus/internal/service/member/create.go:48.27,50.3 1 0
github.com/ukma-cs-ssdm-2025/team-circus/internal/service/member/create.go:52.2,53.16 2 0
github.com/ukma-cs-ssdm-2025/team-circus/internal/service/member/create.go:53.16,55.3 1 0
github.com/ukma-cs-ssdm-2025/team-circus/internal/service/member/create.go:57.2,57.27 1 0
github.com/ukma-cs-ssdm-2025/team-circus/internal/service/member/delete.go:13.114,15.16 2 0
github.com/ukma-cs-ssdm-2025/team-circus/internal/service/member/delete.go:15.16,17.3 1 0
github.com/ukma-cs-ssdm-2025/team-circus/internal/service/member/delete.go:18.2,18.18 1 0
github.com/ukma-cs-ssdm-2025/team-circus/internal/service/member/delete.go:18.18,20.3 1 0
github.com/ukma-cs-ssdm-2025/team-circus/internal/service/member/delete.go:22.2,23.16 2 0
github.com/ukma-cs-ssdm-2025/team-circus/internal/service/member/delete.go:23.16,25.3 1 0
github.com/ukma-cs-ssdm-2025/team-circus/internal/service/member/delete.go:26.2,26.18 1 0
github.com/ukma-cs-ssdm-2025/team-circus/internal/service/member/delete.go:26.18,28.3 1 0
github.com/ukma-cs-ssdm-2025/team-circus/internal/service/member/delete.go:29.2,29.37 1 0
github.com/ukma-cs-ssdm-2025/team-circus/internal/service/member/delete.go:29.37,31.3 1 0
github.com/ukma-cs-ssdm-2025/team-circus/internal/service/member/delete.go:33.2,34.16 2 0
github.com/ukma-cs-ssdm-2025/team-circus/internal/service/member/delete.go:34.16,36.3 1 0
github.com/ukma-cs-ssdm-2025/team-circus/internal/service/member/delete.go:37.2,37.25 1 0
github.com/ukma-cs-ssdm-2025/team-circus/internal/service/member/delete.go:37.25,39.3 1 0
github.com/ukma-cs-ssdm-2025/team-circus/internal/service/member/delete.go:40.2,40.44 1 0
github.com/ukma-cs-ssdm-2025/team-circus/internal/service/member/delete.go:40.44,42.3 1 0
github.com/ukma-cs-ssdm-2025/team-circus/internal/service/member/delete.go:44.2,44.72 1 0
github.com/ukma-cs-ssdm-2025/team-circus/internal/service/member/delete.go:44.72,45.36 1 0
github.com/ukma-cs-ssdm-2025/team-circus/internal/service/member/delete.go:45.36,47.4 1 0
github.com/ukma-cs-ssdm-2025/team-circus/internal/service/member/delete.go:48.3,48.62 1 0
github.com/ukma-cs-ssdm-2025/team-circus/internal/service/member/delete.go:51.2,51.12 1 0
github.com/ukma-cs-ssdm-2025/team-circus/internal/service/member/read.go:11.124,13.16 2 0
github.com/ukma-cs-ssdm-2025/team-circus/internal/service/member/read.go:13.16,15.3 1 0
github.com/ukma-cs-ssdm-2025/team-circus/internal/service/member/read.go:16.2,16.18 1 0
github.com/ukma-cs-ssdm-2025/team-circus/internal/service/member/read.go:16.18,18.3 1 0
github.com/ukma-cs-ssdm-2025/team-circus/internal/service/member/read.go:20.2,21.16 2 0
github.com/ukma-cs-ssdm-2025/team-circus/internal/service/member/read.go:21.16,23.3 1 0
github.com/ukma-cs-ssdm-2025/team-circus/internal/service/member/read.go:24.2,24.19 1 0
github.com/ukma-cs-ssdm-2025/team-circus/internal/service/member/read.go:24.19,26.3 1 0
github.com/ukma-cs-ssdm-2025/team-circus/internal/service/member/read.go:28.2,29.16 2 0
github.com/ukma-cs-ssdm-2025/team-circus/internal/service/member/read.go:29.16,31.3 1 0
github.com/ukma-cs-ssdm-2025/team-circus/internal/service/member/read.go:33.2,33.21 1 0
github.com/ukma-cs-ssdm-2025/team-circus/internal/service/member/service.go:16.48,22.2 1 0
github.com/ukma-cs-ssdm-2025/team-circus/internal/service/member/update.go:12.39,14.16 2 0
github.com/ukma-cs-ssdm-2025/team-circus/internal/service/member/update.go:14.16,16.3 1 0
github.com/ukma-cs-ssdm-2025/team-circus/internal/service/member/update.go:17.2,17.18 1 0
github.com/ukma-cs-ssdm-2025/team-circus/internal/service/member/update.go:17.18,19.3 1 0
github.com/ukma-cs-ssdm-2025/team-circus/internal/service/member/update.go:21.2,22.16 2 0
github.com/ukma-cs-ssdm-2025/team-circus/internal/service/member/update.go:22.16,24.3 1 0
github.com/ukma-cs-ssdm-2025/team-circus/internal/service/member/update.go:25.2,25.18 1 0
github.com/ukma-cs-ssdm-2025/team-circus/internal/service/member/update.go:25.18,27.3 1 0
github.com/ukma-cs-ssdm-2025/team-circus/internal/service/member/update.go:28.2,28.37 1 0
github.com/ukma-cs-ssdm-2025/team-circus/internal/service/member/update.go:28.37,30.3 1 0
github.com/ukma-cs-ssdm-2025/team-circus/internal/service/member/update.go:32.2,33.16 2 0
github.com/ukma-cs-ssdm-2025/team-circus/internal/service/member/update.go:33.16,35.3 1 0
github.com/ukma-cs-ssdm-2025/team-circus/internal/service/member/update.go:36.2,36.25 1 0
github.com/ukma-cs-ssdm-2025/team-circus/internal/service/member/update.go:36.25,38.3 1 0
github.com/ukma-cs-ssdm-2025/team-circus/internal/service/member/update.go:39.2,39.31 1 0
github.com/ukma-cs-ssdm-2025/team-circus/internal/service/member/update.go:39.31,41.3 1 0
github.com/ukma-cs-ssdm-2025/team-circus/internal/service/member/update.go:43.2,43.73 1 0
github.com/ukma-cs-ssdm-2025/team-circus/internal/service/member/update.go:43.73,45.3 1 0
github.com/ukma-cs-ssdm-2025/team-circus/internal/service/member/update.go:47.2,47.73 1 0
github.com/ukma-cs-ssdm-2025/team-circus/internal/service/member/update.go:47.73,49.17 2 0
github.com/ukma-cs-ssdm-2025/team-circus/internal/service/member/update.go:49.17,51.4 1 0
github.com/ukma-cs-ssdm-2025/team-circus/internal/service/member/update.go:52.3,52.20 1 0
github.com/ukma-cs-ssdm-2025/team-circus/internal/service/member/update.go:52.20,54.4 1 0
github.com/ukma-cs-ssdm-2025/team-circus/internal/service/member/update.go:57.3,59.21 2 0
github.com/ukma-cs-ssdm-2025/team-circus/internal/service/member/update.go:62.2,63.16 2 0
github.com/ukma-cs-ssdm-2025/team-circus/internal/service/member/update.go:63.16,65.3 1 0
github.com/ukma-cs-ssdm-2025/team-circus/internal/service/member/update.go:66.2,66.19 1 0
github.com/ukma-cs-ssdm-2025/team-circus/internal/service/member/update.go:66.19,68.3 1 0
github.com/ukma-cs-ssdm-2025/team-circus/internal/service/member/update.go:70.2,70.20 1 0
github.com/ukma-cs-ssdm-2025/team-circus/internal/handler/user/requests/update.go:13.45,19.2 1 0
github.com/ukma-cs-ssdm-2025/team-circus/internal/service/document/create.go:11.124,13.16 2 0
github.com/ukma-cs-ssdm-2025/team-circus/internal/service/document/create.go:13.16,15.3 1 0
github.com/ukma-cs-ssdm-2025/team-circus/internal/service/document/create.go:17.2,17.22 1 0
github.com/ukma-cs-ssdm-2025/team-circus/internal/service/document/delete.go:12.77,14.16 2 0
github.com/ukma-cs-ssdm-2025/team-circus/internal/service/document/delete.go:14.16,15.27 1 0
github.com/ukma-cs-ssdm-2025/team-circus/internal/service/document/delete.go:15.27,17.4 1 0
github.com/ukma-cs-ssdm-2025/team-circus/internal/service/document/delete.go:18.3,18.57 1 0
github.com/ukma-cs-ssdm-2025/team-circus/internal/service/document/delete.go:21.2,21.12 1 0
github.com/ukma-cs-ssdm-2025/team-circus/internal/service/document/read.go:11.100,13.16 2 0
github.com/ukma-cs-ssdm-2025/team-circus/internal/service/document/read.go:13.16,15.3 1 0
github.com/ukma-cs-ssdm-2025/team-circus/internal/service/document/read.go:17.2,17.21 1 0
github.com/ukma-cs-ssdm-2025/team-circus/internal/service/document/read.go:17.21,19.3 1 0
github.com/ukma-cs-ssdm-2025/team-circus/internal/service/document/read.go:21.2,21.22 1 0
github.com/ukma-cs-ssdm-2025/team-circus/internal/service/document/read.go:24.125,26.16 2 0
github.com/ukma-cs-ssdm-2025/team-circus/internal/service/document/read.go:26.16,28.3 1 0
github.com/ukma-cs-ssdm-2025/team-circus/internal/service/document/read.go:30.2,31.16 2 0
github.com/ukma-cs-ssdm-2025/team-circus/internal/service/document/read.go:31.16,33.3 1 0
github.com/ukma-cs-ssdm-2025/team-circus/internal/service/document/read.go:35.2,35.15 1 0
github.com/ukma-cs-ssdm-2025/team-circus/internal/service/document/read.go:35.15,37.3 1 0
github.com/ukma-cs-ssdm-2025/team-circus/internal/service/document/read.go:39.2,39.22 1 0
github.com/ukma-cs-ssdm-2025/team-circus/internal/service/document/read.go:42.83,44.16 2 0
github.com/ukma-cs-ssdm-2025/team-circus/internal/service/document/read.go:44.16,46.3 1 0
github.com/ukma-cs-ssdm-2025/team-circus/internal/service/document/read.go:48.2,48.23 1 0
github.com/ukma-cs-ssdm-2025/team-circus/internal/service/document/read.go:51.110,53.16 2 0
github.com/ukma-cs-ssdm-2025/team-circus/internal/service/document/read.go:53.16,55.3 1 0
github.com/ukma-cs-ssdm-2025/team-circus/internal/service/document/read.go:57.2,57.23 1 0
github.com/ukma-cs-ssdm-2025/team-circus/internal/service/document/service.go:13.115,18.2 1 0
github.com/ukma-cs-ssdm-2025/team-circus/internal/service/document/update.go:11.119,13.16 2 0
github.com/ukma-cs-ssdm-2025/team-circus/internal/service/document/update.go:13.16,15.3 1 0
github.com/ukma-cs-ssdm-2025/team-circus/internal/service/document/update.go:17.2,17.21 1 0
github.com/ukma-cs-ssdm-2025/team-circus/internal/service/document/update.go:17.21,19.3 1 0
github.com/ukma-cs-ssdm-2025/team-circus/internal/service/document/update.go:21.2,21.22 1 0
github.com/ukma-cs-ssdm-2025/team-circus/internal/repo/document/create.go:12.127,26.16 4 0
github.com/ukma-cs-ssdm-2025/team-circus/internal/repo/document/create.go:26.16,28.3 1 0
github.com/ukma-cs-ssdm-2025/team-circus/internal/repo/document/create.go:30.2,30.23 1 0
github.com/ukma-cs-ssdm-2025/team-circus/internal/repo/document/delete.go:13.80,17.16 3 0
github.com/ukma-cs-ssdm-2025/team-circus/internal/repo/document/delete.go:17.16,19.3 1 0
github.com/ukma-cs-ssdm-2025/team-circus/internal/repo/document/delete.go:21.2,22.16 2 0
github.com/ukma-cs-ssdm-2025/team-circus/internal/repo/document/delete.go:22.16,24.3 1 0
github.com/ukma-cs-ssdm-2025/team-circus/internal/repo/document/delete.go:26.2,26.23 1 0
github.com/ukma-cs-ssdm-2025/team-circus/internal/repo/document/delete.go:26.23,28.3 1 0
github.com/ukma-cs-ssdm-2025/team-circus/internal/repo/document/delete.go:30.2,30.12 1 0
github.com/ukma-cs-ssdm-2025/team-circus/internal/repo/document/read.go:13.103,27.16 4 0
github.com/ukma-cs-ssdm-2025/team-circus/internal/repo/document/read.go:27.16,28.27 1 0
github.com/ukma-cs-ssdm-2025/team-circus/internal/repo/document/read.go:28.27,30.4 1 0
github.com/ukma-cs-ssdm-2025/team-circus/internal/repo/document/read.go:31.3,31.101 1 0
github.com/ukma-cs-ssdm-2025/team-circus/internal/repo/document/read.go:34.2,34.23 1 0
github.com/ukma-cs-ssdm-2025/team-circus/internal/repo/document/read.go:37.86,44.16 3 0
github.com/ukma-cs-ssdm-2025/team-circus/internal/repo/document/read.go:44.16,46.3 1 0
github.com/ukma-cs-ssdm-2025/team-circus/internal/repo/document/read.go:47.2,50.18 3 0
github.com/ukma-cs-ssdm-2025/team-circus/internal/repo/document/read.go:50.18,59.17 3 0
github.com/ukma-cs-ssdm-2025/team-circus/internal/repo/document/read.go:59.17,61.4 1 0
github.com/ukma-cs-ssdm-2025/team-circus/internal/repo/document/read.go:62.3,62.43 1 0
github.com/ukma-cs-ssdm-2025/team-circus/internal/repo/document/read.go:65.2,65.34 1 0
github.com/ukma-cs-ssdm-2025/team-circus/internal/repo/document/read.go:65.34,67.3 1 0
github.com/ukma-cs-ssdm-2025/team-circus/internal/repo/document/read.go:69.2,69.23 1 0
github.com/ukma-cs-ssdm-2025/team-circus/internal/repo/document/read.go:72.113,81.16 3 0
github.com/ukma-cs-ssdm-2025/team-circus/internal/repo/document/read.go:81.16,83.3 1 0
github.com/ukma-cs-ssdm-2025/team-circus/internal/repo/document/read.go:84.2,87.18 3 0
github.com/ukma-cs-ssdm-2025/team-circus/internal/repo/document/read.go:87.18,96.17 3 0
github.com/ukma-cs-ssdm-2025/team-circus/internal/repo/document/read.go:96.17,98.4 1 0
github.com/ukma-cs-ssdm-2025/team-circus/internal/repo/document/read.go:99.3,99.43 1 0
github.com/ukma-cs-ssdm-2025/team-circus/internal/repo/document/read.go:102.2,102.34 1 0
github.com/ukma-cs-ssdm-2025/team-circus/internal/repo/document/read.go:102.34,104.3 1 0
github.com/ukma-cs-ssdm-2025/team-circus/internal/repo/document/read.go:106.2,106.23 1 0
github.com/ukma-cs-ssdm-2025/team-circus/internal/repo/document/repo.go:11.60,15.2 1 0
github.com/ukma-cs-ssdm-2025/team-circus/internal/repo/document/update.go:13.122,28.16 4 0
github.com/ukma-cs-ssdm-2025/team-circus/internal/repo/document/update.go:28.16,29.27 1 0
github.com/ukma-cs-ssdm-2025/team-circus/internal/repo/document/update.go:29.27,31.4 1 0
github.com/ukma-cs-ssdm-2025/team-circus/internal/repo/document/update.go:32.3,32.98 1 0
github.com/ukma-cs-ssdm-2025/team-circus/internal/repo/document/update.go:35.2,35.23 1 0
github.com/ukma-cs-ssdm-2025/team-circus/internal/repo/member/create.go:12.130,25.16 4 0
github.com/ukma-cs-ssdm-2025/team-circus/internal/repo/member/create.go:25.16,27.3 1 0
github.com/ukma-cs-ssdm-2025/team-circus/internal/repo/member/create.go:29.2,29.21 1 0
github.com/ukma-cs-ssdm-2025/team-circus/internal/repo/member/delete.go:13.99,19.16 3 0
github.com/ukma-cs-ssdm-2025/team-circus/internal/repo/member/delete.go:19.16,21.3 1 0
github.com/ukma-cs-ssdm-2025/team-circus/internal/repo/member/delete.go:23.2,24.16 2 0
github.com/ukma-cs-ssdm-2025/team-circus/internal/repo/member/delete.go:24.16,26.3 1 0
github.com/ukma-cs-ssdm-2025/team-circus/internal/repo/member/delete.go:28.2,28.23 1 0
github.com/ukma-cs-ssdm-2025/team-circus/internal/repo/member/delete.go:28.23,30.3 1 0
github.com/ukma-cs-ssdm-2025/team-circus/internal/repo/member/delete.go:32.2,32.12 1 0
github.com/ukma-cs-ssdm-2025/team-circus/internal/repo/member/read.go:13.114,26.16 4 0
github.com/ukma-cs-ssdm-2025/team-circus/internal/repo/member/read.go:26.16,27.36 1 0
github.com/ukma-cs-ssdm-2025/team-circus/internal/repo/member/read.go:27.36,29.4 1 0
github.com/ukma-cs-ssdm-2025/team-circus/internal/repo/member/read.go:30.3,30.99 1 0
github.com/ukma-cs-ssdm-2025/team-circus/internal/repo/member/read.go:33.2,33.21 1 0
github.com/ukma-cs-ssdm-2025/team-circus/internal/repo/member/read.go:36.110,44.16 3 0
github.com/ukma-cs-ssdm-2025/team-circus/internal/repo/member/read.go:44.16,46.3 1 0
github.com/ukma-cs-ssdm-2025/team-circus/internal/repo/member/read.go:47.2,50.18 3 0
github.com/ukma-cs-ssdm-2025/team-circus/internal/repo/member/read.go:50.18,58.17 3 0
github.com/ukma-cs-ssdm-2025/team-circus/internal/repo/member/read.go:58.17,60.4 1 0
github.com/ukma-cs-ssdm-2025/team-circus/internal/repo/member/read.go:61.3,61.37 1 0
github.com/ukma-cs-ssdm-2025/team-circus/internal/repo/member/read.go:64.2,64.34 1 0
github.com/ukma-cs-ssdm-2025/team-circus/internal/repo/member/read.go:64.34,66.3 1 0
github.com/ukma-cs-ssdm-2025/team-circus/internal/repo/member/read.go:68.2,68.21 1 0
github.com/ukma-cs-ssdm-2025/team-circus/internal/repo/member/repo.go:11.56,15.2 1 0
github.com/ukma-cs-ssdm-2025/team-circus/internal/repo/member/update.go:13.130,27.16 4 0
github.com/ukma-cs-ssdm-2025/team-circus/internal/repo/member/update.go:27.16,28.36 1 0
github.com/ukma-cs-ssdm-2025/team-circus/internal/repo/member/update.go:28.36,30.4 1 0
github.com/ukma-cs-ssdm-2025/team-circus/internal/repo/member/update.go:31.3,31.102 1 0
github.com/ukma-cs-ssdm-2025/team-circus/internal/repo/member/update.go:34.2,34.21 1 0
github.com/ukma-cs-ssdm-2025/team-circus/internal/service/reg/register.go:11.119,13.16 2 0
github.com/ukma-cs-ssdm-2025/team-circus/internal/service/reg/register.go:13.16,15.3 1 0
github.com/ukma-cs-ssdm-2025/team-circus/internal/service/reg/register.go:17.2,18.16 2 0
github.com/ukma-cs-ssdm-2025/team-circus/internal/service/reg/register.go:18.16,20.3 1 0
github.com/ukma-cs-ssdm-2025/team-circus/internal/service/reg/register.go:22.2,22.18 1 0
github.com/ukma-cs-ssdm-2025/team-circus/internal/service/reg/service.go:18.62,23.2 1 0
github.com/ukma-cs-ssdm-2025/team-circus/internal/service/user/delete.go:12.73,14.16 2 0
github.com/ukma-cs-ssdm-2025/team-circus/internal/service/user/delete.go:14.16,15.27 1 0
github.com/ukma-cs-ssdm-2025/team-circus/internal/service/user/delete.go:15.27,17.4 1 0
github.com/ukma-cs-ssdm-2025/team-circus/internal/service/user/delete.go:18.3,18.53 1 0
github.com/ukma-cs-ssdm-2025/team-circus/internal/service/user/delete.go:21.2,21.12 1 0
github.com/ukma-cs-ssdm-2025/team-circus/internal/service/user/read.go:11.92,13.16 2 0
github.com/ukma-cs-ssdm-2025/team-circus/internal/service/user/read.go:13.16,15.3 1 0
github.com/ukma-cs-ssdm-2025/team-circus/internal/service/user/read.go:17.2,17.17 1 0
github.com/ukma-cs-ssdm-2025/team-circus/internal/service/user/read.go:17.17,19.3 1 0
github.com/ukma-cs-ssdm-2025/team-circus/internal/service/user/read.go:21.2,21.18 1 0
github.com/ukma-cs-ssdm-2025/team-circus/internal/service/user/read.go:24.75,26.16 2 0
github.com/ukma-cs-ssdm-2025/team-circus/internal/service/user/read.go:26.16,28.3 1 0
github.com/ukma-cs-ssdm-2025/team-circus/internal/service/user/read.go:30.2,30.19 1 0
github.com/ukma-cs-ssdm-2025/team-circus/internal/service/user/service.go:12.78,17.2 1 0
github.com/ukma-cs-ssdm-2025/team-circus/internal/service/user/update.go:12.134,14.16 2 0
github.com/ukma-cs-ssdm-2025/team-circus/internal/service/user/update.go:14.16,16.3 1 0
github.com/ukma-cs-ssdm-2025/team-circus/internal/service/user/update.go:18.2,19.16 2 0
github.com/ukma-cs-ssdm-2025/team-circus/internal/service/user/update.go:19.16,21.3 1 0
github.com/ukma-cs-ssdm-2025/team-circus/internal/service/user/update.go:23.2,23.17 1 0
github.com/ukma-cs-ssdm-2025/team-circus/internal/service/user/update.go:23.17,25.3 1 0
github.com/ukma-cs-ssdm-2025/team-circus/internal/service/user/update.go:27.2,27.18 1 0
github.com/ukma-cs-ssdm-2025/team-circus/pkg/logging/logging.go:10.30,21.2 9 0
github.com/ukma-cs-ssdm-2025/team-circus/tests/pkg/testdb/db.go:8.31,10.16 2 0
github.com/ukma-cs-ssdm-2025/team-circus/tests/pkg/testdb/db.go:10.16,12.3 1 0
github.com/ukma-cs-ssdm-2025/team-circus/tests/pkg/testdb/db.go:13.2,13.16 1 0
github.com/ukma-cs-ssdm-2025/team-circus/tests/pkg/testdb/db.go:16.32,31.2 12 0
github.com/ukma-cs-ssdm-2025/team-circus/tests/pkg/testapp/app.go:11.24,34.2 2 0
github.com/ukma-cs-ssdm-2025/team-circus/tests/pkg/seeder/seeder.go:9.36,13.2 1 0
github.com/ukma-cs-ssdm-2025/team-circus/tests/pkg/seeder/seeder.go:15.34,17.2 1 0
github.com/ukma-cs-ssdm-2025/team-circus/tests/pkg/seeder/seeder.go:19.62,21.2 1 0
github.com/ukma-cs-ssdm-2025/team-circus/tests/pkg/seeder/seeder.go:23.62,25.2 1 0
github.com/ukma-cs-ssdm-2025/team-circus/tests/pkg/seeder/seeder.go:27.60,29.2 1 0
github.com/ukma-cs-ssdm-2025/team-circus/tests/pkg/seeder/user.go:23.40,31.2 1 0
github.com/ukma-cs-ssdm-2025/team-circus/tests/pkg/seeder/user.go:33.32,43.2 1 0
github.com/ukma-cs-ssdm-2025/team-circus/tests/pkg/seeder/user.go:45.46,48.2 2 0
github.com/ukma-cs-ssdm-2025/team-circus/tests/pkg/seeder/user.go:50.46,53.2 2 0
github.com/ukma-cs-ssdm-2025/team-circus/tests/pkg/seeder/user.go:55.64,58.2 2 0
github.com/ukma-cs-ssdm-2025/team-circus/tests/pkg/seeder/user.go:60.57,63.2 2 0
github.com/ukma-cs-ssdm-2025/team-circus/tests/pkg/seeder/user.go:65.44,68.2 2 0
github.com/ukma-cs-ssdm-2025/team-circus/tests/pkg/seeder/user.go:70.31,83.16 3 0
github.com/ukma-cs-ssdm-2025/team-circus/tests/pkg/seeder/user.go:83.16,85.3 1 0
github.com/ukma-cs-ssdm-2025/team-circus/tests/pkg/seeder/user.go:87.2,87.12 1 0
github.com/ukma-cs-ssdm-2025/team-circus/tests/pkg/seeder/user.go:90.62,104.16 4 0
github.com/ukma-cs-ssdm-2025/team-circus/tests/pkg/seeder/user.go:104.16,106.3 1 0
github.com/ukma-cs-ssdm-2025/team-circus/tests/pkg/seeder/user.go:108.2,108.19 1 0
github.com/ukma-cs-ssdm-2025/team-circus/tests/pkg/seeder/user.go:111.62,125.16 4 0
github.com/ukma-cs-ssdm-2025/team-circus/tests/pkg/seeder/user.go:125.16,127.3 1 0
github.com/ukma-cs-ssdm-2025/team-circus/tests/pkg/seeder/user.go:129.2,129.19 1 0
github.com/ukma-cs-ssdm-2025/team-circus/tests/pkg/seeder/user.go:132.60,146.16 4 0
github.com/ukma-cs-ssdm-2025/team-circus/tests/pkg/seeder/user.go:146.16,148.3 1 0
github.com/ukma-cs-ssdm-2025/team-circus/tests/pkg/seeder/user.go:150.2,150.19 1 0
